calculate pool[22WrmyTj8x2TRVQen3fxxi2r4Rn6JDHWoMTpsSmn8RUd]: ED5nyyWEzpPPiWimP8vYm7sD7TD3LAt3Q3gRTWHzPJBY: 26317349.876014, So11111111111111111111111111111111111111112: 8665.067139702, price: 0.0003292530281553715 sol
calculate pool[4D1LDiENf5RkTJivGBvFbbUW4KPCNpyPRPnNJk1aT8z2]: GPwwihLa1w9Qsz27SmNrj7aLVnE7pr2cAvHe6aVVpump: 44174996.020439, So11111111111111111111111111111111111111112: 750.795543033, price: 0.000016995939120981924 sol
calculate pool[A1b61xWnT6jxK6AZnxC5EZjGP3cdkN1Fz6oLSm4sR8qk]: 5QS7RcHfGUa2ZtrovPvEJMB9coqroiT7H48dPSwFpump: 26130516.713628, So11111111111111111111111111111111111111112: 2903.308120606, price: 0.00011110794908589851 sol
calculate pool[6KyeECHSa7Jstb3LwxNvH4FchqjJpjtnimhksovATj9c]: AtpNJ7mtMCYPCeXkZCshGKtU98gcbHvyorbo8dptWoxk: 144450575.133089, So11111111111111111111111111111111111111112: 289.527368079, price: 0.0000020043351700901505 sol
calculate pool[9s9e3H9r1dzgPLojjEkmkSLatjjN9Wq5XipEqrEHhfX3]: 2hXQn7nJbh2XFTxvtyKb5mKfnScuoiC1Sm8rnWydpump: 72934636.021521, So11111111111111111111111111111111111111112: 276.917367357, price: 0.00000379678822658811 sol
calculate pool[HQWsAXxH3dGy9DQbryJyDrquKt2eDY6MMHWmpUEKfgZq]: CBdCxKo9QavR9hfShgpEBG3zekorAeD7W1jfq2o3pump: 71661518.7604, So11111111111111111111111111111111111111112: 3887.762214832, price: 0.00005425174182856377 sol
calculate pool[8TyM4TdgXB7bpknWpUQxBGjT6JkUEnVUVGPNuSxLwZLZ]: DUhWgHD3KgHHmsYdQdJHDv359bySNzigYcqJ45Gcpump: 132095471.16752, So11111111111111111111111111111111111111112: 218.166723274, price: 0.0000016515836716107147 sol
calculate pool[B4FfNSK6dWYdwVgfc2zauLPttwEtjBjWrTDe7bAjFPnE]: DECqp3qgUAarXoP2FssBnFXPsqtLhc5Y9UuvjxWMpump: 187296709.53094, So11111111111111111111111111111111111111112: 315.311539985, price: 0.0000016834868096436736 sol
calculate pool[5WGx6mE9Xww3ocYzSenGVQMJLCVVwK7ePnYV6cXcpJtK]: WENWENvqqNya429ubCdR81ZmD69brwQaaBYY6p3LCpk: 230713111.30315, So11111111111111111111111111111111111111112: 42.86309329, price: 0.00000018578525098939523 sol
calculate pool[BgEkJKAhs53dQx3ium3CAob3sBPahZQ7iRETwraFBPv]: AnZfSCJdna8EDFh9kgW6ZtpuwoHJUDnK1kG2tP6Kpump: 97641580.190601, So11111111111111111111111111111111111111112: 180.638711053, price: 0.0000018500183088023018 sol
calculate pool[xp9mwMT9tneL5JnNZWir4ZFnKuFakj95Lx7dnFnm97J]: ELTyCf5EzgQNfLnAJo5TWgiDnguJrjo8HEHFF98Tpump: 623271555.639439, So11111111111111111111111111111111111111112: 29.135480714, price: 0.00000004674604584531177 sol
calculate pool[BourCfkdGsr55XAVzDeU6tci7twRTiCGRvCLioENnBBX]: BYZ9CcZGKAXmN2uDsKcQMM9UnZacija4vWcns9Th69xb: 29387869.322684, So11111111111111111111111111111111111111112: 1134.839230366, price: 0.00003861590705693103 sol
calculate pool[59VtDHQrcDKswbaStjTsjNiqLngjX72UHFqChnpAb93p]: HZ1JovNiVvGrGNiiYvEozEVgZ58xaU3RKwX8eACQBCt3: 9248.46315, So11111111111111111111111111111111111111112: 9.565632537, price: 0.0010342942802340086 sol
calculate pool[5uvkgfoiwuPRwNXDtnyaARGYxY6hwU1WkyufkK2dyodQ]: 8aVPsJpyPBpi5ZpBCygGbBAk8JRaEiYHL9eMqkCqpump: 184208597.305719, So11111111111111111111111111111111111111112: 145.484594387, price: 0.000000789781782798925 sol
calculate pool[3AM9AuuewMkGSTS5K3nkBoGLucR2iaBhZL7tZQUDFCci]: ByPXrvff3HFTshr2LAKAwVSSJjd1dPT3vqej1R9Tpump: 518616200.901324, So11111111111111111111111111111111111111112: 37.183397579, price: 0.00000007169733131047097 sol
calculate pool[9KvRSaxwX1o5CK1eswXWR1ivk17HTB11arYo7nUbzcua]: 8XN5g4vrHtxcpi443Pz4HuNxe3EuCojdLTdiz4eRpump: 155367843.268406, So11111111111111111111111111111111111111112: 168.41330884, price: 0.000001083965029681575 sol
calculate pool[2rELt3soJTtUmFwusYdjwg4vEsuyD7c7eaVubwtFANBa]: 2a8Kyp1DD2kd1PGtMA6LBktG8rCSE6XVdktkm55spump: 349064596.771866, So11111111111111111111111111111111111111112: 52.849007625, price: 0.00000015140179815926705 sol
calculate pool[9AaWekdAGw6UJYawfqeEWAhC4DUYKRbhy2uzV3C8TDCN]: 4SVc8kQ4SHCG3qyxy4h11aXWqo1YMLRQ3qaEbrBfpump: 88838114.937458, So11111111111111111111111111111111111111112: 214.158504776, price: 0.0000024106601645787683 sol
calculate pool[E6PTrqLjqdePdRp985w9EqmFnQ7JqPVraMAaWRSFdSFc]: 2q1PPf3We5Pvz617HfAZ8J4ueyqRUGCcSybraTDspump: 136422820.698648, So11111111111111111111111111111111111111112: 144.357425926, price: 0.0000010581618616791334 sol
calculate pool[HpmR58xJrFqVidGM1q4mp27tpJGdWiTLFqcp18joscb4]: Bhav3ma5S92jFX1QRXbB7AtfkUWHC9XrRbpA612ipump: 554729129.542571, So11111111111111111111111111111111111111112: 31.341174143, price: 0.000000056498158243184196 sol
calculate pool[59eSqFAxNpodQUWYsgyTp1qjBStpcdCq5PYrXxbKJWJ3]: 3Ev2enTdSmd236yKKX528eqja1pn47juzb1tCmsCpump: 455564926.35744, So11111111111111111111111111111111111111112: 37.883245271, price: 0.00000008315663274146897 sol
calculate pool[F3DhJLzzyuRF9PE6HpFVQ5CXVSYZw3NRWxRNjDduyJDA]: EqHdQ73TcqKQVqs6UUxZGiU82AhJsouSrxDfV5Ycpump: 117104743.701255, So11111111111111111111111111111111111111112: 158.315413758, price: 0.0000013519129008289983 sol
calculate pool[HSzfByC9n4fsJRNWCNjc2Q22XJmbHVRVmjn1551NBVXd]: 3cc8hXHqZdvsbvw5azbLdk4Rxse1KERtL4HaquDVpump: 316270575.680201, So11111111111111111111111111111111111111112: 54.853454526, price: 0.00000017343837442995461 sol
calculate pool[F4cckFy74NoxocEst6fHXtdwjDkXrdNDHnzcnP51xR6U]: BHdVt31H9M8VdZY4DSEiQ7RSwz3YP9z4npvVVU5Epump: 314538032.706457, So11111111111111111111111111111111111111112: 62.4402733, price: 0.00000019851422342388863 sol
calculate pool[3147BtriGHpf3DmkKMUeqMjnGowVvhqraM3Zd8Y2gpQe]: 5poDRfGiHJonS6SR6QiQvAPPLj4JghyS1mZ2zhGypump: 102429319.274042, So11111111111111111111111111111111111111112: 221.296913254, price: 0.0000021604840764579976 sol
calculate pool[CSUW9fJKfZm5eis2itv3svPmHxqFDYyhbZGMCB2jD8qu]: 4VwoSPRitwHBkuS8mi3KPwRQEwsHSyc6kJRnwsY5pump: 50694013.741262, So11111111111111111111111111111111111111112: 360.772109934, price: 0.000007116660988324 sol
calculate pool[7vAgPvhhrvxbCFiTKZM3jeCXSdxHQHJ9RKW72TgWqwQx]: 9rXxNPCWM7B9TiwxexL6P7TcAnmkvMak9j2fYTAEpump: 271447066.856718, So11111111111111111111111111111111111111112: 71.687264921, price: 0.0000002640929804514696 sol
calculate pool[4SSUBVK4YADvBTxWiEpdqkP9Z724tnp1PrqbQAYEUPzz]: AtpvhwYfYDny4D9qca4UktnSaa4FLAmdo2s4rncApump: 88028969.86059, So11111111111111111111111111111111111111112: 214.812723246, price: 0.000002440250335613325 sol
calculate pool[Fcg7MsMeNKkm45xjrF6YpZu7xYALW3YWa4hiSStt2nG2]: Ae2meQKGwPwfaTpJiKx2Qmrp3CcvYzMd7ZDcWwpCpump: 226669255.442791, So11111111111111111111111111111111111111112: 155.20804662, price: 0.0000006847335617563404 sol
calculate pool[8ru34BPQPYoZgeo4acQTcCDHXiJPKHGkmLQHbLurtuq6]: 9woPCPgyGA5tkXggsxKHDRZ3bG8nVr3T1XpzAfxcpump: 135709767.993149, So11111111111111111111111111111111111111112: 139.94105095, price: 0.0000010311789123172373 sol
calculate pool[CfoGJ1AnDMLeA8TMVL1PUsYm7RCPN9SCJ273W6dXnLpt]: BzJr2eckgdCFPdGeBwVV3HcUF3DY54MgSHbbgrqrpump: 77462572.145721, So11111111111111111111111111111111111111112: 229.033825908, price: 0.000002956703083356776 sol
calculate pool[8MNubfd1ctzgSc9EpfEaDnxDi87MpekzViX1jQgMNQW5]: 4cVUUmNXwQiPi14rT8W1NjEeUmvuSPUhcKDPdCpLpump: 145177314.202528, So11111111111111111111111111111111111111112: 124.673111524, price: 0.0000008587644165263738 sol
calculate pool[5G3EQHwra6PaPqCrkurSAFFRiXoPronicaFUm4MfrTm1]: CKM4g1KGnuZ7t5LDmPURjeDX11BEwiEBkQC4pWa4pump: 56579970.585085, So11111111111111111111111111111111111111112: 516.549221123, price: 0.000009129542058460653 sol
[2025-02-11 07:03:16] 6p6xgHyF7AeE6TZkSmFsko444wqoP15icUSqi2jfGiPN on Raydium: 0.08083400939212865 SOL
[2025-02-11 07:03:32] JUPyiwrYJFskUPiHa7hkeR8VUtAeFoSYbKedZNsDvCN on Raydium: 0.00423240583910418 SOL
[2025-02-11 07:03:37] 61V8vBaqAGMpgDQi4JcAwo1dmBGHsyhzodcPqnEVpump on Raydium: 0.0015641603415536447 SOL
[2025-02-11 07:03:48] 7vfCXTUXx5WJV5JADk17DUJ4ksgau7utNKj4b963voxs on Raydium: 13.235447391599923 SOL
[2025-02-11 07:03:54] 4k3Dyjzvzp8eMZWUXbBCjEvwSkkk59S5iCNLY3QrkX6R on Raydium: 0.027556601548108687 SOL
[2025-02-11 07:04:04] 7GCihgDB8fe6KNjn2MYtkzZcRjQy3t9GHdC8uHYmW2hr on Raydium: 0.0014649504411785362 SOL
[2025-02-11 07:04:19] E1jCTXdkMRoawoWoqfbhiNkkLbxcSHPssMo36U84pump on Raydium: 0.0003236536468869448 SOL
[2025-02-11 07:04:25] H4phNbsqjV5rqk8u6FUACTLB6rNZRTAPGnBb8KXJpump on Raydium: 0.00009757602946699762 SOL
[2025-02-11 07:04:31] DezXAZ8z7PnrnRJjz3wXBoRgixCa6xjnB7YaB1pPB263 on Raydium: 0.00000009348575714393954 SOL
[2025-02-11 07:04:41] 7XJiwLDrjzxDYdZipnJXzpr1iDTmK55XixSFAa7JgNEL on Raydium: 0.00036121626569589414 SOL
[2025-02-11 07:04:57] Hjw6bEcHtbHGpQr8onG3izfJY5DJiWdt7uk2BfdSpump on Raydium: 0.00028671880315053185 SOL
[2025-02-11 07:05:19] EKpQGSJtjMFqKZ9KQanSqYXRcF8fBopzLHYxdM65zcjm on Raydium: 0.003423288891253391 SOL
[2025-02-11 07:05:24] KENJSUYLASHUMfHyy5o4Hp2FdNqZg1AsUPhfH2kYvEP on Raydium: 0.0008377111488368634 SOL
[2025-02-11 07:05:35] h5NciPdMZ5QCB5BYETJMYBMpVx9ZuitR6HcVjyBhood on Raydium: 0.000003825642744355364 SOL
[2025-02-11 07:05:40] eL5fUxj2J4CiQsmW85k5FG9DvuQjjUoBHoQBi2Kpump on Raydium: 0.00018089611090733995 SOL
[2025-02-11 07:05:46] Zc4uJVrHC2APe9qKwBD11Gg4BbvQr3naM8f7Wiopump on Raydium: 0.000024584525405046202 SOL
[2025-02-11 07:05:57] MEFNBXixkEbait3xn9bkm8WsJzXtVsaJEn4c8Sam21u on Raydium: 0.011404166303744077 SOL
[2025-02-11 07:06:02] Cy1GS2FqefgaMbi45UunrUzin1rfEmTUYnomddzBpump on Raydium: 0.0002394244780117934 SOL
[2025-02-11 07:06:07] 7D1iYWfhw2cr9yBZBFE6nZaaSUvXHqG5FizFFEZwpump on Raydium: 0.00021087338326514918 SOL
[2025-02-11 07:06:13] DKu9kykSfbN5LBfFXtNNDPaX35o4Fv6vJ9FKk7pZpump on Raydium: 0.00025790806316405997 SOL
[2025-02-11 07:06:18] A8C3xuqscfmyLrte3VmTqrAq8kgMASius9AFNANwpump on Raydium: 0.00033510011692758015 SOL
[2025-02-11 07:06:23] 74SBV4zDXxTRgv1pEMoECskKBkZHc2yGPnc7GYVepump on Raydium: 0.00030131603895030466 SOL
[2025-02-11 07:06:29] J7tYmq2JnQPvxyhcXpCDrvJnc9R5ts8rv7tgVHDPsw7U on Raydium: 0.0001333691024688698 SOL
[2025-02-11 07:06:40] J3NKxxXZcnNiMjKw9hYb2K4LUxgwB6t1FtPtQVsv3KFr on Raydium: 0.003804366860848136 SOL
[2025-02-11 07:06:51] 63LfDmNb3MQ8mw9MtZ2To9bEA2M71kZUUGq5tiJxcqj9 on Raydium: 0.00019326745296902257 SOL
[2025-02-11 07:07:07] 9DHe3pycTuymFk4H4bbPoAJ4hQrr2kaLDF6J6aAKpump on Raydium: 0.0001861706591590476 SOL
[2025-02-11 07:07:13] 9soX9xpDQS9U3UotRw6y2gH5Ash97yWgxeoeB5Ripump on Raydium: 0.00002130683151553235 SOL
[2025-02-11 07:07:18] 2sNenpKt7a2wr6sbYoP5FCoyz6MtK3gK1eips2X7pump on Raydium: 0.0000013305907588796091 SOL
[2025-02-11 07:07:23] FHKiJEg2zmhv9DEeaXMSZa7R4P8BPFX5VTRrzrtJpump on Raydium: 0.000011412351835445876 SOL
[2025-02-11 07:07:29] whispF7G9DHaojYHe2cdhRX5EMJzGBdqq7R57kL6inL on Raydium: 0.00007168841566958868 SOL
[2025-02-11 07:07:34] CboMcTUYUcy9E6B3yGdFn6aEsGUnYV6yWeoeukw6pump on Raydium: 0.00009509659343580601 SOL
[2025-02-11 07:07:39] GekTNfm84QfyP2GdAHZ5AgACBRd69aNmgA5FDhZupump on Raydium: 0.00024394460380496456 SOL
[2025-02-11 07:07:45] 4FkNq8RcCYg4ZGDWh14scJ7ej3m5vMjYTcWoJVkupump on Raydium: 0.00007482093849506841 SOL
[2025-02-11 07:07:50] 2DJAyCbx9HkHiPsyJdZmgio9Pu9p1w6jujXDo5h4pump on Raydium: 0.00000870496806791759 SOL
[2025-02-11 07:07:56] BmXfbamFqrBzrqihr9hbSmEsfQUXMVaqshAjgvZupump on Raydium: 0.00003997394545978866 SOL
[2025-02-11 07:08:01] 2z1p8xCEjRzpBHjXWrx4tJnz7BFL6z7NnvbCxH7bpump on Raydium: 0.00006947261060761356 SOL
[2025-02-11 07:08:06] FeR8VBqNRSUD5NtXAj2n3j1dAHkZHfyDktKuLXD4pump on Raydium: 0.00005224342175285761 SOL
[2025-02-11 07:08:17] 6dKCoWjpj5MFU5gWDEFdpUUeBasBLK3wLEwhUzQPAa1e on Raydium: 0.0025901869346227893 SOL
[2025-02-11 07:08:23] CrWL4zsWLTwbFr2gdHuuRR57hezCwhFwMjSPLbu7pump on Raydium: 0.00000012269552510520845 SOL
[2025-02-11 07:08:29] EfgEGG9PxLhyk1wqtqgGnwgfVC7JYic3vC9BCWLvpump on Raydium: 0.00003767788241520676 SOL
[2025-02-11 07:08:35] 6P8ixuqGZpfyHAxyxbU4a31vsMiFiCQjBzVV58gPpump on Raydium: 0.00000695985146829767 SOL
[2025-02-11 07:08:41] 2sCUCJdVkmyXp4dT8sFaA9LKgSMK4yDPi9zLHiwXpump on Raydium: 0.0000334530072606484 SOL
[2025-02-11 07:08:47] EwZHZ6tHqLjsbDfkrTdHCTcPdq2MCiFRvXsHFtGGpump on Raydium: 0.00003942521271559923 SOL
[2025-02-11 07:08:52] Dfh5DzRgSvvCFDoYc2ciTkMrbDfRKybA4SoFbPmApump on Raydium: 0.0001543633671757735 SOL
[2025-02-11 07:08:58] Cn5Ne1vmR9ctMGY9z5NC71A3NYFvopjXNyxYtfVYpump on Raydium: 0.00011464661441576074 SOL
[2025-02-11 07:09:03] HNg5PYJmtqcmzXrv6S9zP1CDKk5BgDuyFBxbvNApump on Raydium: 0.00013794701346959585 SOL
[2025-02-11 07:09:09] CzLSujWBLFsSjncfkh59rUFqvafWcY5tzedWJSuypump on Raydium: 0.0006236081224777146 SOL
[2025-02-11 07:09:20] M9rn5QZ4bK4CJvVJnyeMfzvckDxSfZ1G4qwsQRnmoon on Raydium: 0.0000035691765918140524 SOL
[2025-02-11 07:09:25] Df6yfrKC8kZE3KNkrHERKzAetSxbrWeniQfyJY4Jpump on Raydium: 0.00017035632642590652 SOL
[2025-02-11 07:09:35] 5LafQUrVco6o7KMz42eqVEJ9LW31StPyGjeeu5sKoMtA on Raydium: 0.000000039552430258260624 SOL
[2025-02-11 07:09:40] CcfWx71YLn3pDfLMnnECcAwU5KeC2eBsBUCcoQzMpump on Raydium: 0.0000031502629796662924 SOL
[2025-02-11 07:09:57] 3N2ETvNpPNAxhcaXgkhKoY1yDnQfs41Wnxsx5qNJpump on Raydium: 0.00007055075294629764 SOL
[2025-02-11 07:10:02] 8x5VqbHA8D7NkD52uNuS5nnt3PwA8pLD34ymskeSo2Wn on Raydium: 0.00027709340402669113 SOL
[2025-02-11 07:10:07] p5LZKhRE2qhCS9Ys8TjwB8r3DspxQVxSowcrc3tKgkz on Raydium: 0.0000010790497715605249 SOL
[2025-02-11 07:10:13] Dq319cnGeK3HVy4mLLH2KnZLwQcRRsJduvj2dLpgpump on Raydium: 0.0000030532746251760213 SOL
[2025-02-11 07:10:18] H1NPJkh3KUJGbpjkyQD5qG1nrpFW7tHiqek5SAbMpump on Raydium: 0.00006907330037161143 SOL
[2025-02-11 07:10:25] 7rP5mtdKmVj9c1nz28VCpre1DDDntCf88ZftbwUFpump on Raydium: 0.0000007922427031011301 SOL
[2025-02-11 07:10:33] 8i51XNNpGaKaj4G4nDdmQh95v4FKAxw8mhtaRoKd9tE8 on Raydium: 0.000033533174937515014 SOL
[2025-02-11 07:10:42] HWeZgfKdPWRkLBGnmze5YokeZg9tQ2MYceYUChDNpump on Raydium: 0.0000020588029709648278 SOL
[2025-02-11 07:10:51] EsP4kJfKUDLfX274WoBSiiEy74Sh4tZKUCDjfULHpump on Raydium: 0.00004266260511844292 SOL
[2025-02-11 07:10:58] ED5nyyWEzpPPiWimP8vYm7sD7TD3LAt3Q3gRTWHzPJBY on Raydium: 0.0003292530281553715 SOL
[2025-02-11 07:11:07] GPwwihLa1w9Qsz27SmNrj7aLVnE7pr2cAvHe6aVVpump on Raydium: 0.000016995939120981924 SOL
[2025-02-11 07:11:13] 5QS7RcHfGUa2ZtrovPvEJMB9coqroiT7H48dPSwFpump on Raydium: 0.00011110794908589851 SOL
[2025-02-11 07:11:20] AtpNJ7mtMCYPCeXkZCshGKtU98gcbHvyorbo8dptWoxk on Raydium: 0.0000020043351700901505 SOL
[2025-02-11 07:11:27] 2hXQn7nJbh2XFTxvtyKb5mKfnScuoiC1Sm8rnWydpump on Raydium: 0.00000379678822658811 SOL
[2025-02-11 07:11:33] CBdCxKo9QavR9hfShgpEBG3zekorAeD7W1jfq2o3pump on Raydium: 0.00005425174182856377 SOL
[2025-02-11 07:11:42] DUhWgHD3KgHHmsYdQdJHDv359bySNzigYcqJ45Gcpump on Raydium: 0.0000016515836716107147 SOL
[2025-02-11 07:11:51] DECqp3qgUAarXoP2FssBnFXPsqtLhc5Y9UuvjxWMpump on Raydium: 0.0000016834868096436736 SOL
[2025-02-11 07:12:05] WENWENvqqNya429ubCdR81ZmD69brwQaaBYY6p3LCpk on Raydium: 0.00000018578525098939523 SOL
[2025-02-11 07:12:11] AnZfSCJdna8EDFh9kgW6ZtpuwoHJUDnK1kG2tP6Kpump on Raydium: 0.0000018500183088023018 SOL
[2025-02-11 07:12:17] ELTyCf5EzgQNfLnAJo5TWgiDnguJrjo8HEHFF98Tpump on Raydium: 0.00000004674604584531177 SOL
[2025-02-11 07:12:29] BYZ9CcZGKAXmN2uDsKcQMM9UnZacija4vWcns9Th69xb on Raydium: 0.00003861590705693103 SOL
[2025-02-11 07:12:35] HZ1JovNiVvGrGNiiYvEozEVgZ58xaU3RKwX8eACQBCt3 on Raydium: 0.0010342942802340086 SOL
[2025-02-11 07:12:41] 8aVPsJpyPBpi5ZpBCygGbBAk8JRaEiYHL9eMqkCqpump on Raydium: 0.000000789781782798925 SOL
[2025-02-11 07:12:47] ByPXrvff3HFTshr2LAKAwVSSJjd1dPT3vqej1R9Tpump on Raydium: 0.00000007169733131047097 SOL
[2025-02-11 07:12:53] 8XN5g4vrHtxcpi443Pz4HuNxe3EuCojdLTdiz4eRpump on Raydium: 0.000001083965029681575 SOL
[2025-02-11 07:12:59] 2a8Kyp1DD2kd1PGtMA6LBktG8rCSE6XVdktkm55spump on Raydium: 0.00000015140179815926705 SOL
[2025-02-11 07:13:06] 4SVc8kQ4SHCG3qyxy4h11aXWqo1YMLRQ3qaEbrBfpump on Raydium: 0.0000024106601645787683 SOL
[2025-02-11 07:13:13] 2q1PPf3We5Pvz617HfAZ8J4ueyqRUGCcSybraTDspump on Raydium: 0.0000010581618616791334 SOL
[2025-02-11 07:13:19] Bhav3ma5S92jFX1QRXbB7AtfkUWHC9XrRbpA612ipump on Raydium: 0.000000056498158243184196 SOL
[2025-02-11 07:13:25] 3Ev2enTdSmd236yKKX528eqja1pn47juzb1tCmsCpump on Raydium: 0.00000008315663274146897 SOL
[2025-02-11 07:13:30] EqHdQ73TcqKQVqs6UUxZGiU82AhJsouSrxDfV5Ycpump on Raydium: 0.0000013519129008289983 SOL
[2025-02-11 07:13:49] 3cc8hXHqZdvsbvw5azbLdk4Rxse1KERtL4HaquDVpump on Raydium: 0.00000017343837442995461 SOL
[2025-02-11 07:13:55] BHdVt31H9M8VdZY4DSEiQ7RSwz3YP9z4npvVVU5Epump on Raydium: 0.00000019851422342388863 SOL
[2025-02-11 07:14:00] 5poDRfGiHJonS6SR6QiQvAPPLj4JghyS1mZ2zhGypump on Raydium: 0.0000021604840764579976 SOL
[2025-02-11 07:14:06] 4VwoSPRitwHBkuS8mi3KPwRQEwsHSyc6kJRnwsY5pump on Raydium: 0.000007116660988324 SOL
[2025-02-11 07:14:13] 9rXxNPCWM7B9TiwxexL6P7TcAnmkvMak9j2fYTAEpump on Raydium: 0.0000002640929804514696 SOL
[2025-02-11 07:14:21] AtpvhwYfYDny4D9qca4UktnSaa4FLAmdo2s4rncApump on Raydium: 0.000002440250335613325 SOL
[2025-02-11 07:14:29] Ae2meQKGwPwfaTpJiKx2Qmrp3CcvYzMd7ZDcWwpCpump on Raydium: 0.0000006847335617563404 SOL
[2025-02-11 07:14:37] 9woPCPgyGA5tkXggsxKHDRZ3bG8nVr3T1XpzAfxcpump on Raydium: 0.0000010311789123172373 SOL
[2025-02-11 07:14:44] BzJr2eckgdCFPdGeBwVV3HcUF3DY54MgSHbbgrqrpump on Raydium: 0.000002956703083356776 SOL
[2025-02-11 07:14:50] 4cVUUmNXwQiPi14rT8W1NjEeUmvuSPUhcKDPdCpLpump on Raydium: 0.0000008587644165263738 SOL
[2025-02-11 07:14:56] CKM4g1KGnuZ7t5LDmPURjeDX11BEwiEBkQC4pWa4pump on Raydium: 0.000009129542058460653 SOL
calculate pool[C6aQ3EM15Z1UnFU7RPx97U8FBP18gddTtwbgofKxkWkd]: 6p6xgHyF7AeE6TZkSmFsko444wqoP15icUSqi2jfGiPN: 0.137562, So11111111111111111111111111111111111111112: 0.011119688, price: 0.08083400939212865 sol
calculate pool[5Qtn7FFKmVH4Brx3V1cR8E4mot2V3eSmvFRBpmKjNy35]: JUPyiwrYJFskUPiHa7hkeR8VUtAeFoSYbKedZNsDvCN: 2127.379957, So11111111111111111111111111111111111111112: 9.003935352, price: 0.00423240583910418 sol
calculate pool[J3b6dvheS2Y1cbMtVz5TCWXNegSjJDbUKxdUVDPoqmS7]: 61V8vBaqAGMpgDQi4JcAwo1dmBGHsyhzodcPqnEVpump: 15417834.383976, So11111111111111111111111111111111111111112: 23627.526318552, price: 0.0015324802258291517 sol
calculate pool[4yrHms7ekgTBgJg77zJ33TsWrraqHsCXDtuSZqUsuGHb]: 7vfCXTUXx5WJV5JADk17DUJ4ksgau7utNKj4b963voxs: 119.95096982, So11111111111111111111111111111111111111112: 1587.604750624, price: 13.235447391599923 sol
calculate pool[AQptcJhCg5k1BQpTtFDVvuZAekhm5eS49oneMfwZW9V5]: 4k3Dyjzvzp8eMZWUXbBCjEvwSkkk59S5iCNLY3QrkX6R: 195.750684, So11111111111111111111111111111111111111112: 5.413268955, price: 0.027653895477575956 sol
calculate pool[FRhB8L7Y9Qq41qZXYLtC2nw8An1RJfLLxRF2x9RwLLMo]: 7GCihgDB8fe6KNjn2MYtkzZcRjQy3t9GHdC8uHYmW2hr: 17053238.238912243, So11111111111111111111111111111111111111112: 24911.876274229, price: 0.0014608296632709229 sol
calculate pool[5ZFEcHfHhSGXXg7R8wA9FEYfw4kbbvoc4a4ChyJyNhZ9]: E1jCTXdkMRoawoWoqfbhiNkkLbxcSHPssMo36U84pump: 12564737.018333, So11111111111111111111111111111111111111112: 3972.829259086, price: 0.0003161888110582268 sol
calculate pool[HDt4asuvNjWn1Y5mV2R3sPXf54hC911ANYihU8HtmK7z]: H4phNbsqjV5rqk8u6FUACTLB6rNZRTAPGnBb8KXJpump: 29022725.957782, So11111111111111111111111111111111111111112: 2771.600222911, price: 0.00009549758444271282 sol
calculate pool[GGj7YKTJdavHv2F7WcCic2SqEdPcZK1EWFfGDZMbDLo4]: DezXAZ8z7PnrnRJjz3wXBoRgixCa6xjnB7YaB1pPB263: 2649429.88715, So11111111111111111111111111111111111111112: 0.247683959, price: 0.00000009348575714393954 sol
calculate pool[F4HDXnULqjSbWcL5VwEUcpjueQop3gDteusSqaXBEyW4]: 7XJiwLDrjzxDYdZipnJXzpr1iDTmK55XixSFAa7JgNEL: 22650873.285034, So11111111111111111111111111111111111111112: 8123.280158755, price: 0.00035862988841680796 sol
calculate pool[9qiKN1QnuUVtZXhRWo86Prnr3Lsm933MvJ8phrt5ah8Y]: Hjw6bEcHtbHGpQr8onG3izfJY5DJiWdt7uk2BfdSpump: 25215322.05602, So11111111111111111111111111111111111111112: 7134.994421483, price: 0.0002829626528517634 sol
calculate pool[D5MzuR2BVKhhLe5S2LiWHeLUv4QVr1mc2MC2PWdHZWtU]: EKpQGSJtjMFqKZ9KQanSqYXRcF8fBopzLHYxdM65zcjm: 104.583914, So11111111111111111111111111111111111111112: 0.358020951, price: 0.003423288891253391 sol
calculate pool[CpsMssqi3P9VMvNqxrdWVbSBCwyUHbGgNcrw7MorBq3g]: KENJSUYLASHUMfHyy5o4Hp2FdNqZg1AsUPhfH2kYvEP: 18420564.047483, So11111111111111111111111111111111111111112: 15619.175505456, price: 0.0008479205883812344 sol
calculate pool[9CTxEyRStwTKLfVTS6c7rfQc7PTxY42YPdQcrHTv53Ao]: h5NciPdMZ5QCB5BYETJMYBMpVx9ZuitR6HcVjyBhood: 939495000.118292, So11111111111111111111111111111111111111112: 3660.838319502, price: 0.000003896602237415913 sol
calculate pool[78sBWyimVhLumzZg1bdMD6ogGig8QpmgYZqCXNyMxx4z]: eL5fUxj2J4CiQsmW85k5FG9DvuQjjUoBHoQBi2Kpump: 38533403.497084, So11111111111111111111111111111111111111112: 6908.295765096, price: 0.00017928070552134805 sol
calculate pool[6txNZWajZtoSgZUyhkh2MVwJ4CnKstTQyi3uSwxr85ir]: Zc4uJVrHC2APe9qKwBD11Gg4BbvQr3naM8f7Wiopump: 48366823.755274, So11111111111111111111111111111111111111112: 1210.665916712, price: 0.00002503091629166546 sol
calculate pool[H3HPPnm3rA4gGqzazikdoNfP1F1M9VWx4Bc9gBVdQ3SG]: MEFNBXixkEbait3xn9bkm8WsJzXtVsaJEn4c8Sam21u: 2.801332, So11111111111111111111111111111111111111112: 0.031946856, price: 0.011404166303744077 sol
calculate pool[AemYRZmJryzAQ9Z4RLfUBLnPRUY5ecooc94EJvemfti4]: Cy1GS2FqefgaMbi45UunrUzin1rfEmTUYnomddzBpump: 17707902.265775, So11111111111111111111111111111111111111112: 4220.434804988, price: 0.00023833623777927992 sol
calculate pool[AAoREr9vexyGrinK6Z2GBcq5TKrNkZQXzkDpDDeXVaMk]: 7D1iYWfhw2cr9yBZBFE6nZaaSUvXHqG5FizFFEZwpump: 24924357.145207, So11111111111111111111111111111111111111112: 5309.534049048, price: 0.0002130259175037152 sol
calculate pool[GjvW8JQSpKG5ogjyD3zozfaeJSShTajS5ZFrexT8L12k]: DKu9kykSfbN5LBfFXtNNDPaX35o4Fv6vJ9FKk7pZpump: 26100025.173784, So11111111111111111111111111111111111111112: 6705.665309133, price: 0.00025692179469115843 sol
calculate pool[AB1eu2L1Jr3nfEft85AuD2zGksUbam1Kr8MR3uM2sjwt]: A8C3xuqscfmyLrte3VmTqrAq8kgMASius9AFNANwpump: 37623365.168681, So11111111111111111111111111111111111111112: 12620.668871929, price: 0.00033544763514229407 sol
calculate pool[HL4KFTfhZZMm7NGefszQxzJ3M6CaDWE7TesyuRuQYmMJ]: 74SBV4zDXxTRgv1pEMoECskKBkZHc2yGPnc7GYVepump: 34865270.453878, So11111111111111111111111111111111111111112: 10475.553617664, price: 0.0003004581201089987 sol
calculate pool[2RWdS9xeDXSMgkRZnT2uk4FmnXtykVq6LLYvxPWVUmS3]: J7tYmq2JnQPvxyhcXpCDrvJnc9R5ts8rv7tgVHDPsw7U: 22382023.038373, So11111111111111111111111111111111111111112: 3027.955172108, price: 0.00013528514231786392 sol
calculate pool[9t1H1uDJ558iMPNkEPSN1fqkpC4XSPQ6cqSf6uEsTfTR]: J3NKxxXZcnNiMjKw9hYb2K4LUxgwB6t1FtPtQVsv3KFr: 1800100.40978192, So11111111111111111111111111111111111111112: 6945.752209645, price: 0.00385853598604895 sol
calculate pool[4xxM4cdb6MEsCxM52xvYqkNbzvdeWWsPDZrBcTqVGUar]: 63LfDmNb3MQ8mw9MtZ2To9bEA2M71kZUUGq5tiJxcqj9: 81822641.26434, So11111111111111111111111111111111111111112: 15861.828468715, price: 0.00019385622638935654 sol
calculate pool[J2p6tgZDkvtHQ3VfbGRjzHJNLrqFgGfvjJsp2K7HX5cH]: 9DHe3pycTuymFk4H4bbPoAJ4hQrr2kaLDF6J6aAKpump: 40555604.759824, So11111111111111111111111111111111111111112: 7821.764116107, price: 0.0001928651825667152 sol
calculate pool[6UMDnfdJrE9qVuaabh7qaM64ZHYCopnjXRnSS8s16Wmc]: 9soX9xpDQS9U3UotRw6y2gH5Ash97yWgxeoeB5Ripump: 40007745.974449, So11111111111111111111111111111111111111112: 723.338734407, price: 0.000018079967186078444 sol
calculate pool[6uoBUmBCgmtK1Hp6rvtVYaD3tDudFk9S6HV2UewiUthS]: 2sNenpKt7a2wr6sbYoP5FCoyz6MtK3gK1eips2X7pump: 142780266.289995, So11111111111111111111111111111111111111112: 208.464341475, price: 0.0000014600360882616426 sol
calculate pool[F738UFUJZwaJvRoNJKotySDm83sL4UZ81Jxrd7YPRcX6]: FHKiJEg2zmhv9DEeaXMSZa7R4P8BPFX5VTRrzrtJpump: 55621382.733767, So11111111111111111111111111111111111111112: 641.44317651, price: 0.000011532312664362951 sol
calculate pool[7HARASAFTUyfhq9wNZrRdEYqMf7kwJSQ4tpJPAbs5jRE]: whispF7G9DHaojYHe2cdhRX5EMJzGBdqq7R57kL6inL: 34137921.627209, So11111111111111111111111111111111111111112: 2525.34963117, price: 0.0000739749085708023 sol
calculate pool[T5mZpKou42YF3ssrQyrxFJZDL4zvBKg8u1HxqBfDyoo]: CboMcTUYUcy9E6B3yGdFn6aEsGUnYV6yWeoeukw6pump: 41429582.824692, So11111111111111111111111111111111111111112: 3883.08472342, price: 0.00009372734308841952 sol
calculate pool[7dXUXn2dxTydHi2yWqvvqJwEWoB9mLFTh4hzDDowKVJY]: GekTNfm84QfyP2GdAHZ5AgACBRd69aNmgA5FDhZupump: 24874401.446013, So11111111111111111111111111111111111111112: 6221.012024096, price: 0.00025009695359295314 sol
calculate pool[9DzLnkFRg5zMy532q7sbJjZx7uEL1SeFUDyAnF5yizoH]: 4FkNq8RcCYg4ZGDWh14scJ7ej3m5vMjYTcWoJVkupump: 34952786.086083, So11111111111111111111111111111111111111112: 2618.386895615, price: 0.00007491210826989129 sol
calculate pool[EGD9iHxJEddmUmTvdomaGRvzM8BMwwYUYFxG4jtqqG63]: 2DJAyCbx9HkHiPsyJdZmgio9Pu9p1w6jujXDo5h4pump: 53070239.225479, So11111111111111111111111111111111111111112: 410.378363597, price: 0.000007732740036339944 sol
calculate pool[AMFWZTqxmYVAPqqRVx9KQ2zrmnyYaLmyp14QSZA6Jc6x]: BmXfbamFqrBzrqihr9hbSmEsfQUXMVaqshAjgvZupump: 47822045.044226, So11111111111111111111111111111111111111112: 1900.212077239, price: 0.000039735065187648856 sol
calculate pool[4BBvrWsocM9wY2qXCCufCL8GxKtNeXT73uNfveK4MMq7]: 2z1p8xCEjRzpBHjXWrx4tJnz7BFL6z7NnvbCxH7bpump: 25459111.037279, So11111111111111111111111111111111111111112: 1769.976651587, price: 0.00006952232735052207 sol
calculate pool[3bC2e2RxcfvF9oP22LvbaNsVwoS2T98q6ErCRoayQYdq]: FeR8VBqNRSUD5NtXAj2n3j1dAHkZHfyDktKuLXD4pump: 114554686.462691, So11111111111111111111111111111111111111112: 5764.986029574, price: 0.00005032518710137261 sol
calculate pool[13Z4JGAd7Fn3fE9EJGPffL84KFH9Ehfa9WCtcG6ce5yq]: CrWL4zsWLTwbFr2gdHuuRR57hezCwhFwMjSPLbu7pump: 469103604.087875, So11111111111111111111111111111111111111112: 55.93540791, price: 0.00000011923892168503118 sol
calculate pool[D8JjVpFdXjFvHmsX7LyFy8iHXEqzhbQo576Rt8rZkyiq]: 6dKCoWjpj5MFU5gWDEFdpUUeBasBLK3wLEwhUzQPAa1e: 1682139.96758263, So11111111111111111111111111111111111111112: 4356.408472881, price: 0.0025898014177390414 sol
calculate pool[DgqD4rmBKf3Upcy7GUkLMyosaP4HpzmUWSVsUZatJLkY]: EfgEGG9PxLhyk1wqtqgGnwgfVC7JYic3vC9BCWLvpump: 43965238.347947, So11111111111111111111111111111111111111112: 1653.442610499, price: 0.00003760795284250311 sol
calculate pool[J3Und1EU6YWNknpG5Tc7pS4GCEWic2xtj1zpfmnwCpme]: 6P8ixuqGZpfyHAxyxbU4a31vsMiFiCQjBzVV58gPpump: 83849750.835247, So11111111111111111111111111111111111111112: 535.706956685, price: 0.0000063888914558325774 sol
calculate pool[DzBRibt6qbv3dJPwXZdEQnb9YTVa35R97cSSi29ysN39]: EwZHZ6tHqLjsbDfkrTdHCTcPdq2MCiFRvXsHFtGGpump: 24116335.099335, So11111111111111111111111111111111111111112: 1063.72820213, price: 0.00004410820291509931 sol
calculate pool[Fps13qjgYq9Bdx2xtLfHRAn7cMeSsiCGoR95dwCjs6rt]: 2sCUCJdVkmyXp4dT8sFaA9LKgSMK4yDPi9zLHiwXpump: 36582791.249634, So11111111111111111111111111111111111111112: 1203.099452198, price: 0.000032887032703116574 sol
calculate pool[8WwcNqdZjCY5Pt7AkhupAFknV2txca9sq6YBkGzLbvdt]: Dfh5DzRgSvvCFDoYc2ciTkMrbDfRKybA4SoFbPmApump: 43811302.920894, So11111111111111111111111111111111111111112: 6920.850504155, price: 0.00015796952025488346 sol
calculate pool[DE2B6w3sR6KyRRvGLm4op2ZXKyGG52k4Jr871ro6k3NH]: Cn5Ne1vmR9ctMGY9z5NC71A3NYFvopjXNyxYtfVYpump: 24365757.380798, So11111111111111111111111111111111111111112: 2854.813703073, price: 0.00011716498931089258 sol
calculate pool[FyDF3vKQFbcvNTsBi7L7LremrFPmXKbQqgAgnPg1hXXd]: HNg5PYJmtqcmzXrv6S9zP1CDKk5BgDuyFBxbvNApump: 41229043.453414, So11111111111111111111111111111111111111112: 5690.270639052, price: 0.00013801607222543535 sol
calculate pool[9Tb2ohu5P16BpBarqd3N27WnkF51Ukfs8Z1GzzLDxVZW]: CzLSujWBLFsSjncfkh59rUFqvafWcY5tzedWJSuypump: 18699810.483788, So11111111111111111111111111111111111111112: 11689.295317922, price: 0.0006251023414411692 sol
calculate pool[CjqRdYrhbe5rzqzbnUooffWz2S9Vr9LChKEkfr9A5XZE]: M9rn5QZ4bK4CJvVJnyeMfzvckDxSfZ1G4qwsQRnmoon: 75395716.41182992, So11111111111111111111111111111111111111112: 260.347953784, price: 0.0000034530868088303 sol
calculate pool[93tjgwff5Ac5ThyMi8C4WejVVQq4tuMeMuYW1LEYZ7bu]: Df6yfrKC8kZE3KNkrHERKzAetSxbrWeniQfyJY4Jpump: 32335978.310889, So11111111111111111111111111111111111111112: 5429.074888914, price: 0.00016789579819472428 sol
calculate pool[FvMZrD1qC66Zw8VPrW15xN1N5owUPqpQgNQ5oH18mR4E]: 5LafQUrVco6o7KMz42eqVEJ9LW31StPyGjeeu5sKoMtA: 112414756292.07607, So11111111111111111111111111111111111111112: 4449.392725351, price: 0.00000003958014830179933 sol
calculate pool[3QkoQz19jfyeJB7XhHkbVUmFUVG4nsf1GAkPKiGTruhG]: CcfWx71YLn3pDfLMnnECcAwU5KeC2eBsBUCcoQzMpump: 69884609.812307, So11111111111111111111111111111111111111112: 321.53638537, price: 0.000004600961302260515 sol
calculate pool[9Pk43Sr7J8GYQ1h89riWSSBVH4Cp6ZxoWez9xTiAm92T]: 3N2ETvNpPNAxhcaXgkhKoY1yDnQfs41Wnxsx5qNJpump: 43538060.886701, So11111111111111111111111111111111111111112: 3012.92979756, price: 0.00006920220460439294 sol
calculate pool[3sjNoCnkkhWPVXYGDtem8rCciHSGc9jSFZuUAzKbvRVp]: 8x5VqbHA8D7NkD52uNuS5nnt3PwA8pLD34ymskeSo2Wn: 27135812.252519, So11111111111111111111111111111111111111112: 7649.466081711, price: 0.00028189560019530665 sol
calculate pool[FYTqsdf9332nGYgWW7VeWvTBeETmCNSaaU17hHVC6YRu]: p5LZKhRE2qhCS9Ys8TjwB8r3DspxQVxSowcrc3tKgkz: 144505803.541109, So11111111111111111111111111111111111111112: 183.276531202, price: 0.000001268298758325381 sol
calculate pool[EK8zZWk9qQHjLkzaySgM5igihRrHWd9Pyv6m5r4fjvXa]: Dq319cnGeK3HVy4mLLH2KnZLwQcRRsJduvj2dLpgpump: 84655644.287912, So11111111111111111111111111111111111111112: 243.647622803, price: 0.000002878102515815245 sol
calculate pool[vG7qJzxyX7P7iF3PGVwKpoe4pgEQAGJ7JT7A4wvhWfp]: H1NPJkh3KUJGbpjkyQD5qG1nrpFW7tHiqek5SAbMpump: 34900616.209674, So11111111111111111111111111111111111111112: 2440.571514056, price: 0.00006992918117530272 sol
calculate pool[2KB3i5uLKhUcjUwq3poxHpuGGqBWYwtTk5eG9E5WnLG6]: 8i51XNNpGaKaj4G4nDdmQh95v4FKAxw8mhtaRoKd9tE8: 69730665.086641, So11111111111111111111111111111111111111112: 2265.95016222, price: 0.00003249574859790217 sol
calculate pool[9v2xtyqcoENU82bHEzkNqSwtZbhjdpR9uGiCGAT31i5o]: HWeZgfKdPWRkLBGnmze5YokeZg9tQ2MYceYUChDNpump: 171294742.25288, So11111111111111111111111111111111111111112: 348.561446775, price: 0.0000020348636635935014 sol
calculate pool[4rXdSYQ3utmHPcLe1K18sHCBJrFHheeZrCyAGxNJp3mq]: 7rP5mtdKmVj9c1nz28VCpre1DDDntCf88ZftbwUFpump: 162465513.801903, So11111111111111111111111111111111111111112: 126.063192191, price: 0.0000007759381621425887 sol
calculate pool[9iL89qfbTMWygtawzGikL2j6ASbRYX7XSM5ePUcoQ5fk]: EsP4kJfKUDLfX274WoBSiiEy74Sh4tZKUCDjfULHpump: 53878256.845849, So11111111111111111111111111111111111111112: 2324.716925181, price: 0.000043147589793638724 sol
calculate pool[4D1LDiENf5RkTJivGBvFbbUW4KPCNpyPRPnNJk1aT8z2]: GPwwihLa1w9Qsz27SmNrj7aLVnE7pr2cAvHe6aVVpump: 43515928.923594, So11111111111111111111111111111111111111112: 762.168543363, price: 0.00001751470236798181 sol
calculate pool[A1b61xWnT6jxK6AZnxC5EZjGP3cdkN1Fz6oLSm4sR8qk]: 5QS7RcHfGUa2ZtrovPvEJMB9coqroiT7H48dPSwFpump: 25997574.571403, So11111111111111111111111111111111111111112: 2918.37331407, price: 0.0001122555993081052 sol
calculate pool[6KyeECHSa7Jstb3LwxNvH4FchqjJpjtnimhksovATj9c]: AtpNJ7mtMCYPCeXkZCshGKtU98gcbHvyorbo8dptWoxk: 147525949.043622, So11111111111111111111111111111111111111112: 283.515327101, price: 0.00000192179971685637 sol
calculate pool[9s9e3H9r1dzgPLojjEkmkSLatjjN9Wq5XipEqrEHhfX3]: 2hXQn7nJbh2XFTxvtyKb5mKfnScuoiC1Sm8rnWydpump: 72531216.648894, So11111111111111111111111111111111111111112: 278.489432068, price: 0.000003839580320513575 sol
calculate pool[HQWsAXxH3dGy9DQbryJyDrquKt2eDY6MMHWmpUEKfgZq]: CBdCxKo9QavR9hfShgpEBG3zekorAeD7W1jfq2o3pump: 71453684.705628, So11111111111111111111111111111111111111112: 3899.120436169, price: 0.00005456850059213096 sol
calculate pool[8TyM4TdgXB7bpknWpUQxBGjT6JkUEnVUVGPNuSxLwZLZ]: DUhWgHD3KgHHmsYdQdJHDv359bySNzigYcqJ45Gcpump: 131741990.456239, So11111111111111111111111111111111111111112: 218.754586052, price: 0.00000166047731095018 sol
calculate pool[22WrmyTj8x2TRVQen3fxxi2r4Rn6JDHWoMTpsSmn8RUd]: ED5nyyWEzpPPiWimP8vYm7sD7TD3LAt3Q3gRTWHzPJBY: 26261262.536423, So11111111111111111111111111111111111111112: 8683.576210721, price: 0.0003306610334776301 sol
calculate pool[B4FfNSK6dWYdwVgfc2zauLPttwEtjBjWrTDe7bAjFPnE]: DECqp3qgUAarXoP2FssBnFXPsqtLhc5Y9UuvjxWMpump: 185903014.86791, So11111111111111111111111111111111111111112: 317.702599221, price: 0.0000017089695906585366 sol
calculate pool[5WGx6mE9Xww3ocYzSenGVQMJLCVVwK7ePnYV6cXcpJtK]: WENWENvqqNya429ubCdR81ZmD69brwQaaBYY6p3LCpk: 230002812.67155, So11111111111111111111111111111111111111112: 42.995795918, price: 0.0000001869359570806602 sol
calculate pool[BgEkJKAhs53dQx3ium3CAob3sBPahZQ7iRETwraFBPv]: AnZfSCJdna8EDFh9kgW6ZtpuwoHJUDnK1kG2tP6Kpump: 98345163.112988, So11111111111111111111111111111111111111112: 179.378478669, price: 0.0000018239684900711737 sol
calculate pool[xp9mwMT9tneL5JnNZWir4ZFnKuFakj95Lx7dnFnm97J]: ELTyCf5EzgQNfLnAJo5TWgiDnguJrjo8HEHFF98Tpump: 616993515.139529, So11111111111111111111111111111111111111112: 29.436256376, price: 0.00000004770918276076724 sol
calculate pool[BourCfkdGsr55XAVzDeU6tci7twRTiCGRvCLioENnBBX]: BYZ9CcZGKAXmN2uDsKcQMM9UnZacija4vWcns9Th69xb: 29334404.028251, So11111111111111111111111111111111111111112: 1136.975349466, price: 0.000038759108532459576 sol
calculate pool[59VtDHQrcDKswbaStjTsjNiqLngjX72UHFqChnpAb93p]: HZ1JovNiVvGrGNiiYvEozEVgZ58xaU3RKwX8eACQBCt3: 9248.46315, So11111111111111111111111111111111111111112: 9.565632537, price: 0.0010342942802340086 sol
calculate pool[5uvkgfoiwuPRwNXDtnyaARGYxY6hwU1WkyufkK2dyodQ]: 8aVPsJpyPBpi5ZpBCygGbBAk8JRaEiYHL9eMqkCqpump: 189399337.9094, So11111111111111111111111111111111111111112: 141.510768688, price: 0.0000007471555616297472 sol
calculate pool[3AM9AuuewMkGSTS5K3nkBoGLucR2iaBhZL7tZQUDFCci]: ByPXrvff3HFTshr2LAKAwVSSJjd1dPT3vqej1R9Tpump: 518547238.105416, So11111111111111111111111111111111111111112: 37.188355079, price: 0.00000007171642686763272 sol
calculate pool[9KvRSaxwX1o5CK1eswXWR1ivk17HTB11arYo7nUbzcua]: 8XN5g4vrHtxcpi443Pz4HuNxe3EuCojdLTdiz4eRpump: 156455062.042018, So11111111111111111111111111111111111111112: 167.372069841, price: 0.000001069777274423055 sol
calculate pool[2rELt3soJTtUmFwusYdjwg4vEsuyD7c7eaVubwtFANBa]: 2a8Kyp1DD2kd1PGtMA6LBktG8rCSE6XVdktkm55spump: 347472356.213702, So11111111111111111111111111111111111111112: 53.102161771, price: 0.00000015282413355018427 sol
calculate pool[9AaWekdAGw6UJYawfqeEWAhC4DUYKRbhy2uzV3C8TDCN]: 4SVc8kQ4SHCG3qyxy4h11aXWqo1YMLRQ3qaEbrBfpump: 75409391.280351, So11111111111111111111111111111111111111112: 253.276055172, price: 0.0000033586805419286646 sol
calculate pool[E6PTrqLjqdePdRp985w9EqmFnQ7JqPVraMAaWRSFdSFc]: 2q1PPf3We5Pvz617HfAZ8J4ueyqRUGCcSybraTDspump: 122038550.497139, So11111111111111111111111111111111111111112: 161.487429311, price: 0.0000013232493228833114 sol
calculate pool[HpmR58xJrFqVidGM1q4mp27tpJGdWiTLFqcp18joscb4]: Bhav3ma5S92jFX1QRXbB7AtfkUWHC9XrRbpA612ipump: 554729129.542571, So11111111111111111111111111111111111111112: 31.341174143, price: 0.000000056498158243184196 sol
calculate pool[59eSqFAxNpodQUWYsgyTp1qjBStpcdCq5PYrXxbKJWJ3]: 3Ev2enTdSmd236yKKX528eqja1pn47juzb1tCmsCpump: 454015484.847322, So11111111111111111111111111111111111111112: 38.012855356, price: 0.00000008372590060178918 sol
calculate pool[F3DhJLzzyuRF9PE6HpFVQ5CXVSYZw3NRWxRNjDduyJDA]: EqHdQ73TcqKQVqs6UUxZGiU82AhJsouSrxDfV5Ycpump: 117172290.459854, So11111111111111111111111111111111111111112: 158.43322775, price: 0.000001352139034990384 sol
calculate pool[HSzfByC9n4fsJRNWCNjc2Q22XJmbHVRVmjn1551NBVXd]: 3cc8hXHqZdvsbvw5azbLdk4Rxse1KERtL4HaquDVpump: 318775476.227802, So11111111111111111111111111111111111111112: 54.454805127, price: 0.00000017082495106394488 sol
calculate pool[F4cckFy74NoxocEst6fHXtdwjDkXrdNDHnzcnP51xR6U]: BHdVt31H9M8VdZY4DSEiQ7RSwz3YP9z4npvVVU5Epump: 362653223.211953, So11111111111111111111111111111111111111112: 54.177302313, price: 0.00000014939148157339285 sol
calculate pool[3147BtriGHpf3DmkKMUeqMjnGowVvhqraM3Zd8Y2gpQe]: 5poDRfGiHJonS6SR6QiQvAPPLj4JghyS1mZ2zhGypump: 112036216.179046, So11111111111111111111111111111111111111112: 202.971919474, price: 0.0000018116634638002135 sol
calculate pool[CSUW9fJKfZm5eis2itv3svPmHxqFDYyhbZGMCB2jD8qu]: 4VwoSPRitwHBkuS8mi3KPwRQEwsHSyc6kJRnwsY5pump: 62347203.38779, So11111111111111111111111111111111111111112: 297.794694783, price: 0.0000047763921812300525 sol
calculate pool[7vAgPvhhrvxbCFiTKZM3jeCXSdxHQHJ9RKW72TgWqwQx]: 9rXxNPCWM7B9TiwxexL6P7TcAnmkvMak9j2fYTAEpump: 239703856.714348, So11111111111111111111111111111111111111112: 81.243415731, price: 0.000000338932451253034 sol
calculate pool[4SSUBVK4YADvBTxWiEpdqkP9Z724tnp1PrqbQAYEUPzz]: AtpvhwYfYDny4D9qca4UktnSaa4FLAmdo2s4rncApump: 82856456.165773, So11111111111111111111111111111111111111112: 228.866484932, price: 0.0000027622046068938916 sol
calculate pool[Fcg7MsMeNKkm45xjrF6YpZu7xYALW3YWa4hiSStt2nG2]: Ae2meQKGwPwfaTpJiKx2Qmrp3CcvYzMd7ZDcWwpCpump: 231132957.097605, So11111111111111111111111111111111111111112: 152.322609002, price: 0.0000006590259170079141 sol
calculate pool[8ru34BPQPYoZgeo4acQTcCDHXiJPKHGkmLQHbLurtuq6]: 9woPCPgyGA5tkXggsxKHDRZ3bG8nVr3T1XpzAfxcpump: 244504753.668412, So11111111111111111111111111111111111111112: 78.148109313, price: 0.000000319617954827093 sol
calculate pool[CfoGJ1AnDMLeA8TMVL1PUsYm7RCPN9SCJ273W6dXnLpt]: BzJr2eckgdCFPdGeBwVV3HcUF3DY54MgSHbbgrqrpump: 69389021.128892, So11111111111111111111111111111111111111112: 255.843169373, price: 0.000003687084285246859 sol
calculate pool[8MNubfd1ctzgSc9EpfEaDnxDi87MpekzViX1jQgMNQW5]: 4cVUUmNXwQiPi14rT8W1NjEeUmvuSPUhcKDPdCpLpump: 133828594.001455, So11111111111111111111111111111111111111112: 137.160909789, price: 0.0000010248998789265377 sol
calculate pool[5G3EQHwra6PaPqCrkurSAFFRiXoPronicaFUm4MfrTm1]: CKM4g1KGnuZ7t5LDmPURjeDX11BEwiEBkQC4pWa4pump: 68927669.728887, So11111111111111111111111111111111111111112: 427.978457052, price: 0.0000062090951099227114 sol
[2025-02-11 07:15:08] 6p6xgHyF7AeE6TZkSmFsko444wqoP15icUSqi2jfGiPN on Raydium: 0.08083400939212865 SOL
[2025-02-11 07:15:26] JUPyiwrYJFskUPiHa7hkeR8VUtAeFoSYbKedZNsDvCN on Raydium: 0.00423240583910418 SOL
[2025-02-11 07:15:31] 61V8vBaqAGMpgDQi4JcAwo1dmBGHsyhzodcPqnEVpump on Raydium: 0.0015324802258291517 SOL
[2025-02-11 07:15:43] 7vfCXTUXx5WJV5JADk17DUJ4ksgau7utNKj4b963voxs on Raydium: 13.235447391599923 SOL
[2025-02-11 07:15:49] 4k3Dyjzvzp8eMZWUXbBCjEvwSkkk59S5iCNLY3QrkX6R on Raydium: 0.027653895477575956 SOL
[2025-02-11 07:15:59] 7GCihgDB8fe6KNjn2MYtkzZcRjQy3t9GHdC8uHYmW2hr on Raydium: 0.0014608296632709229 SOL
[2025-02-11 07:16:16] E1jCTXdkMRoawoWoqfbhiNkkLbxcSHPssMo36U84pump on Raydium: 0.0003161888110582268 SOL
[2025-02-11 07:16:22] H4phNbsqjV5rqk8u6FUACTLB6rNZRTAPGnBb8KXJpump on Raydium: 0.00009549758444271282 SOL
[2025-02-11 07:16:30] DezXAZ8z7PnrnRJjz3wXBoRgixCa6xjnB7YaB1pPB263 on Raydium: 0.00000009348575714393954 SOL
[2025-02-11 07:16:53] 7XJiwLDrjzxDYdZipnJXzpr1iDTmK55XixSFAa7JgNEL on Raydium: 0.00035862988841680796 SOL
[2025-02-11 07:16:59] Hjw6bEcHtbHGpQr8onG3izfJY5DJiWdt7uk2BfdSpump on Raydium: 0.0002829626528517634 SOL
[2025-02-11 07:17:21] EKpQGSJtjMFqKZ9KQanSqYXRcF8fBopzLHYxdM65zcjm on Raydium: 0.003423288891253391 SOL
[2025-02-11 07:17:26] KENJSUYLASHUMfHyy5o4Hp2FdNqZg1AsUPhfH2kYvEP on Raydium: 0.0008479205883812344 SOL
[2025-02-11 07:17:37] h5NciPdMZ5QCB5BYETJMYBMpVx9ZuitR6HcVjyBhood on Raydium: 0.000003896602237415913 SOL
[2025-02-11 07:17:43] eL5fUxj2J4CiQsmW85k5FG9DvuQjjUoBHoQBi2Kpump on Raydium: 0.00017928070552134805 SOL
[2025-02-11 07:17:49] Zc4uJVrHC2APe9qKwBD11Gg4BbvQr3naM8f7Wiopump on Raydium: 0.00002503091629166546 SOL
[2025-02-11 07:17:59] MEFNBXixkEbait3xn9bkm8WsJzXtVsaJEn4c8Sam21u on Raydium: 0.011404166303744077 SOL
[2025-02-11 07:18:05] Cy1GS2FqefgaMbi45UunrUzin1rfEmTUYnomddzBpump on Raydium: 0.00023833623777927992 SOL
[2025-02-11 07:18:10] 7D1iYWfhw2cr9yBZBFE6nZaaSUvXHqG5FizFFEZwpump on Raydium: 0.0002130259175037152 SOL
[2025-02-11 07:18:15] DKu9kykSfbN5LBfFXtNNDPaX35o4Fv6vJ9FKk7pZpump on Raydium: 0.00025692179469115843 SOL
[2025-02-11 07:18:21] A8C3xuqscfmyLrte3VmTqrAq8kgMASius9AFNANwpump on Raydium: 0.00033544763514229407 SOL
[2025-02-11 07:18:27] 74SBV4zDXxTRgv1pEMoECskKBkZHc2yGPnc7GYVepump on Raydium: 0.0003004581201089987 SOL
[2025-02-11 07:18:32] J7tYmq2JnQPvxyhcXpCDrvJnc9R5ts8rv7tgVHDPsw7U on Raydium: 0.00013528514231786392 SOL
[2025-02-11 07:18:43] J3NKxxXZcnNiMjKw9hYb2K4LUxgwB6t1FtPtQVsv3KFr on Raydium: 0.00385853598604895 SOL
[2025-02-11 07:18:53] 63LfDmNb3MQ8mw9MtZ2To9bEA2M71kZUUGq5tiJxcqj9 on Raydium: 0.00019385622638935654 SOL
[2025-02-11 07:19:10] 9DHe3pycTuymFk4H4bbPoAJ4hQrr2kaLDF6J6aAKpump on Raydium: 0.0001928651825667152 SOL
[2025-02-11 07:19:16] 9soX9xpDQS9U3UotRw6y2gH5Ash97yWgxeoeB5Ripump on Raydium: 0.000018079967186078444 SOL
[2025-02-11 07:19:21] 2sNenpKt7a2wr6sbYoP5FCoyz6MtK3gK1eips2X7pump on Raydium: 0.0000014600360882616426 SOL
[2025-02-11 07:19:27] FHKiJEg2zmhv9DEeaXMSZa7R4P8BPFX5VTRrzrtJpump on Raydium: 0.000011532312664362951 SOL
[2025-02-11 07:19:32] whispF7G9DHaojYHe2cdhRX5EMJzGBdqq7R57kL6inL on Raydium: 0.0000739749085708023 SOL
[2025-02-11 07:19:37] CboMcTUYUcy9E6B3yGdFn6aEsGUnYV6yWeoeukw6pump on Raydium: 0.00009372734308841952 SOL
[2025-02-11 07:19:43] GekTNfm84QfyP2GdAHZ5AgACBRd69aNmgA5FDhZupump on Raydium: 0.00025009695359295314 SOL
[2025-02-11 07:19:49] 4FkNq8RcCYg4ZGDWh14scJ7ej3m5vMjYTcWoJVkupump on Raydium: 0.00007491210826989129 SOL
[2025-02-11 07:19:54] 2DJAyCbx9HkHiPsyJdZmgio9Pu9p1w6jujXDo5h4pump on Raydium: 0.000007732740036339944 SOL
[2025-02-11 07:19:59] BmXfbamFqrBzrqihr9hbSmEsfQUXMVaqshAjgvZupump on Raydium: 0.000039735065187648856 SOL
[2025-02-11 07:20:04] 2z1p8xCEjRzpBHjXWrx4tJnz7BFL6z7NnvbCxH7bpump on Raydium: 0.00006952232735052207 SOL
[2025-02-11 07:20:10] FeR8VBqNRSUD5NtXAj2n3j1dAHkZHfyDktKuLXD4pump on Raydium: 0.00005032518710137261 SOL
[2025-02-11 07:20:15] CrWL4zsWLTwbFr2gdHuuRR57hezCwhFwMjSPLbu7pump on Raydium: 0.00000011923892168503118 SOL
[2025-02-11 07:20:26] 6dKCoWjpj5MFU5gWDEFdpUUeBasBLK3wLEwhUzQPAa1e on Raydium: 0.0025898014177390414 SOL
[2025-02-11 07:20:32] EfgEGG9PxLhyk1wqtqgGnwgfVC7JYic3vC9BCWLvpump on Raydium: 0.00003760795284250311 SOL
[2025-02-11 07:20:37] 6P8ixuqGZpfyHAxyxbU4a31vsMiFiCQjBzVV58gPpump on Raydium: 0.0000063888914558325774 SOL
[2025-02-11 07:20:42] EwZHZ6tHqLjsbDfkrTdHCTcPdq2MCiFRvXsHFtGGpump on Raydium: 0.00004410820291509931 SOL
[2025-02-11 07:20:47] 2sCUCJdVkmyXp4dT8sFaA9LKgSMK4yDPi9zLHiwXpump on Raydium: 0.000032887032703116574 SOL
[2025-02-11 07:20:53] Dfh5DzRgSvvCFDoYc2ciTkMrbDfRKybA4SoFbPmApump on Raydium: 0.00015796952025488346 SOL
[2025-02-11 07:20:58] Cn5Ne1vmR9ctMGY9z5NC71A3NYFvopjXNyxYtfVYpump on Raydium: 0.00011716498931089258 SOL
[2025-02-11 07:21:04] HNg5PYJmtqcmzXrv6S9zP1CDKk5BgDuyFBxbvNApump on Raydium: 0.00013801607222543535 SOL
[2025-02-11 07:21:09] CzLSujWBLFsSjncfkh59rUFqvafWcY5tzedWJSuypump on Raydium: 0.0006251023414411692 SOL
[2025-02-11 07:21:20] M9rn5QZ4bK4CJvVJnyeMfzvckDxSfZ1G4qwsQRnmoon on Raydium: 0.0000034530868088303 SOL
[2025-02-11 07:21:25] Df6yfrKC8kZE3KNkrHERKzAetSxbrWeniQfyJY4Jpump on Raydium: 0.00016789579819472428 SOL
[2025-02-11 07:21:36] 5LafQUrVco6o7KMz42eqVEJ9LW31StPyGjeeu5sKoMtA on Raydium: 0.00000003958014830179933 SOL
[2025-02-11 07:21:42] CcfWx71YLn3pDfLMnnECcAwU5KeC2eBsBUCcoQzMpump on Raydium: 0.000004600961302260515 SOL
[2025-02-11 07:21:57] 3N2ETvNpPNAxhcaXgkhKoY1yDnQfs41Wnxsx5qNJpump on Raydium: 0.00006920220460439294 SOL
[2025-02-11 07:22:02] 8x5VqbHA8D7NkD52uNuS5nnt3PwA8pLD34ymskeSo2Wn on Raydium: 0.00028189560019530665 SOL
[2025-02-11 07:22:07] p5LZKhRE2qhCS9Ys8TjwB8r3DspxQVxSowcrc3tKgkz on Raydium: 0.000001268298758325381 SOL
[2025-02-11 07:22:13] Dq319cnGeK3HVy4mLLH2KnZLwQcRRsJduvj2dLpgpump on Raydium: 0.000002878102515815245 SOL
[2025-02-11 07:22:19] H1NPJkh3KUJGbpjkyQD5qG1nrpFW7tHiqek5SAbMpump on Raydium: 0.00006992918117530272 SOL
[2025-02-11 07:22:25] 8i51XNNpGaKaj4G4nDdmQh95v4FKAxw8mhtaRoKd9tE8 on Raydium: 0.00003249574859790217 SOL
[2025-02-11 07:22:30] HWeZgfKdPWRkLBGnmze5YokeZg9tQ2MYceYUChDNpump on Raydium: 0.0000020348636635935014 SOL
[2025-02-11 07:22:36] 7rP5mtdKmVj9c1nz28VCpre1DDDntCf88ZftbwUFpump on Raydium: 0.0000007759381621425887 SOL
[2025-02-11 07:22:41] EsP4kJfKUDLfX274WoBSiiEy74Sh4tZKUCDjfULHpump on Raydium: 0.000043147589793638724 SOL
[2025-02-11 07:22:46] GPwwihLa1w9Qsz27SmNrj7aLVnE7pr2cAvHe6aVVpump on Raydium: 0.00001751470236798181 SOL
[2025-02-11 07:22:52] 5QS7RcHfGUa2ZtrovPvEJMB9coqroiT7H48dPSwFpump on Raydium: 0.0001122555993081052 SOL
[2025-02-11 07:22:57] AtpNJ7mtMCYPCeXkZCshGKtU98gcbHvyorbo8dptWoxk on Raydium: 0.00000192179971685637 SOL
[2025-02-11 07:23:03] 2hXQn7nJbh2XFTxvtyKb5mKfnScuoiC1Sm8rnWydpump on Raydium: 0.000003839580320513575 SOL
[2025-02-11 07:23:08] CBdCxKo9QavR9hfShgpEBG3zekorAeD7W1jfq2o3pump on Raydium: 0.00005456850059213096 SOL
[2025-02-11 07:23:13] DUhWgHD3KgHHmsYdQdJHDv359bySNzigYcqJ45Gcpump on Raydium: 0.00000166047731095018 SOL
[2025-02-11 07:23:19] ED5nyyWEzpPPiWimP8vYm7sD7TD3LAt3Q3gRTWHzPJBY on Raydium: 0.0003306610334776301 SOL
[2025-02-11 07:23:24] DECqp3qgUAarXoP2FssBnFXPsqtLhc5Y9UuvjxWMpump on Raydium: 0.0000017089695906585366 SOL
[2025-02-11 07:23:35] WENWENvqqNya429ubCdR81ZmD69brwQaaBYY6p3LCpk on Raydium: 0.0000001869359570806602 SOL
[2025-02-11 07:23:41] AnZfSCJdna8EDFh9kgW6ZtpuwoHJUDnK1kG2tP6Kpump on Raydium: 0.0000018239684900711737 SOL
[2025-02-11 07:23:47] ELTyCf5EzgQNfLnAJo5TWgiDnguJrjo8HEHFF98Tpump on Raydium: 0.00000004770918276076724 SOL
[2025-02-11 07:23:58] BYZ9CcZGKAXmN2uDsKcQMM9UnZacija4vWcns9Th69xb on Raydium: 0.000038759108532459576 SOL
[2025-02-11 07:24:03] HZ1JovNiVvGrGNiiYvEozEVgZ58xaU3RKwX8eACQBCt3 on Raydium: 0.0010342942802340086 SOL
[2025-02-11 07:24:09] 8aVPsJpyPBpi5ZpBCygGbBAk8JRaEiYHL9eMqkCqpump on Raydium: 0.0000007471555616297472 SOL
[2025-02-11 07:24:14] ByPXrvff3HFTshr2LAKAwVSSJjd1dPT3vqej1R9Tpump on Raydium: 0.00000007171642686763272 SOL
[2025-02-11 07:24:20] 8XN5g4vrHtxcpi443Pz4HuNxe3EuCojdLTdiz4eRpump on Raydium: 0.000001069777274423055 SOL
[2025-02-11 07:24:26] 2a8Kyp1DD2kd1PGtMA6LBktG8rCSE6XVdktkm55spump on Raydium: 0.00000015282413355018427 SOL
[2025-02-11 07:24:31] 4SVc8kQ4SHCG3qyxy4h11aXWqo1YMLRQ3qaEbrBfpump on Raydium: 0.0000033586805419286646 SOL
[2025-02-11 07:24:36] 2q1PPf3We5Pvz617HfAZ8J4ueyqRUGCcSybraTDspump on Raydium: 0.0000013232493228833114 SOL
[2025-02-11 07:24:42] Bhav3ma5S92jFX1QRXbB7AtfkUWHC9XrRbpA612ipump on Raydium: 0.000000056498158243184196 SOL
[2025-02-11 07:24:47] 3Ev2enTdSmd236yKKX528eqja1pn47juzb1tCmsCpump on Raydium: 0.00000008372590060178918 SOL
[2025-02-11 07:24:52] EqHdQ73TcqKQVqs6UUxZGiU82AhJsouSrxDfV5Ycpump on Raydium: 0.000001352139034990384 SOL
[2025-02-11 07:25:09] 3cc8hXHqZdvsbvw5azbLdk4Rxse1KERtL4HaquDVpump on Raydium: 0.00000017082495106394488 SOL
[2025-02-11 07:25:15] BHdVt31H9M8VdZY4DSEiQ7RSwz3YP9z4npvVVU5Epump on Raydium: 0.00000014939148157339285 SOL
[2025-02-11 07:25:20] 5poDRfGiHJonS6SR6QiQvAPPLj4JghyS1mZ2zhGypump on Raydium: 0.0000018116634638002135 SOL
[2025-02-11 07:25:25] 4VwoSPRitwHBkuS8mi3KPwRQEwsHSyc6kJRnwsY5pump on Raydium: 0.0000047763921812300525 SOL
[2025-02-11 07:25:31] 9rXxNPCWM7B9TiwxexL6P7TcAnmkvMak9j2fYTAEpump on Raydium: 0.000000338932451253034 SOL
[2025-02-11 07:25:37] AtpvhwYfYDny4D9qca4UktnSaa4FLAmdo2s4rncApump on Raydium: 0.0000027622046068938916 SOL
[2025-02-11 07:25:42] Ae2meQKGwPwfaTpJiKx2Qmrp3CcvYzMd7ZDcWwpCpump on Raydium: 0.0000006590259170079141 SOL
[2025-02-11 07:25:48] 9woPCPgyGA5tkXggsxKHDRZ3bG8nVr3T1XpzAfxcpump on Raydium: 0.000000319617954827093 SOL
[2025-02-11 07:25:53] BzJr2eckgdCFPdGeBwVV3HcUF3DY54MgSHbbgrqrpump on Raydium: 0.000003687084285246859 SOL
[2025-02-11 07:25:58] 4cVUUmNXwQiPi14rT8W1NjEeUmvuSPUhcKDPdCpLpump on Raydium: 0.0000010248998789265377 SOL
[2025-02-11 07:26:03] CKM4g1KGnuZ7t5LDmPURjeDX11BEwiEBkQC4pWa4pump on Raydium: 0.0000062090951099227114 SOL
calculate pool[C6aQ3EM15Z1UnFU7RPx97U8FBP18gddTtwbgofKxkWkd]: 6p6xgHyF7AeE6TZkSmFsko444wqoP15icUSqi2jfGiPN: 0.137562, So11111111111111111111111111111111111111112: 0.011119688, price: 0.08083400939212865 sol
calculate pool[5Qtn7FFKmVH4Brx3V1cR8E4mot2V3eSmvFRBpmKjNy35]: JUPyiwrYJFskUPiHa7hkeR8VUtAeFoSYbKedZNsDvCN: 2126.255742, So11111111111111111111111111111111111111112: 9.008707938, price: 0.00423688823505597 sol
calculate pool[J3b6dvheS2Y1cbMtVz5TCWXNegSjJDbUKxdUVDPoqmS7]: 61V8vBaqAGMpgDQi4JcAwo1dmBGHsyhzodcPqnEVpump: 15246782.946475, So11111111111111111111111111111111111111112: 23894.05191866, price: 0.0015671536744860802 sol
calculate pool[4yrHms7ekgTBgJg77zJ33TsWrraqHsCXDtuSZqUsuGHb]: 7vfCXTUXx5WJV5JADk17DUJ4ksgau7utNKj4b963voxs: 119.95096982, So11111111111111111111111111111111111111112: 1587.604750624, price: 13.235447391599923 sol
calculate pool[AQptcJhCg5k1BQpTtFDVvuZAekhm5eS49oneMfwZW9V5]: 4k3Dyjzvzp8eMZWUXbBCjEvwSkkk59S5iCNLY3QrkX6R: 196.093692, So11111111111111111111111111111111111111112: 5.403817678, price: 0.027557325393210506 sol
calculate pool[FRhB8L7Y9Qq41qZXYLtC2nw8An1RJfLLxRF2x9RwLLMo]: 7GCihgDB8fe6KNjn2MYtkzZcRjQy3t9GHdC8uHYmW2hr: 17014285.74241202, So11111111111111111111111111111111111111112: 24969.413080848, price: 0.0014675557621914152 sol
calculate pool[5ZFEcHfHhSGXXg7R8wA9FEYfw4kbbvoc4a4ChyJyNhZ9]: E1jCTXdkMRoawoWoqfbhiNkkLbxcSHPssMo36U84pump: 12723061.794836, So11111111111111111111111111111111111111112: 3924.905443633, price: 0.00030848749357061437 sol
calculate pool[HDt4asuvNjWn1Y5mV2R3sPXf54hC911ANYihU8HtmK7z]: H4phNbsqjV5rqk8u6FUACTLB6rNZRTAPGnBb8KXJpump: 29394218.493938, So11111111111111111111111111111111111111112: 2737.692748625, price: 0.00009313711637509932 sol
calculate pool[GGj7YKTJdavHv2F7WcCic2SqEdPcZK1EWFfGDZMbDLo4]: DezXAZ8z7PnrnRJjz3wXBoRgixCa6xjnB7YaB1pPB263: 2649429.88715, So11111111111111111111111111111111111111112: 0.247683959, price: 0.00000009348575714393954 sol
calculate pool[F4HDXnULqjSbWcL5VwEUcpjueQop3gDteusSqaXBEyW4]: 7XJiwLDrjzxDYdZipnJXzpr1iDTmK55XixSFAa7JgNEL: 22684758.489259, So11111111111111111111111111111111111111112: 8111.323792303, price: 0.0003575671213843263 sol
calculate pool[9qiKN1QnuUVtZXhRWo86Prnr3Lsm933MvJ8phrt5ah8Y]: Hjw6bEcHtbHGpQr8onG3izfJY5DJiWdt7uk2BfdSpump: 25344486.232286, So11111111111111111111111111111111111111112: 7099.019724635, price: 0.0002801011494007582 sol
calculate pool[D5MzuR2BVKhhLe5S2LiWHeLUv4QVr1mc2MC2PWdHZWtU]: EKpQGSJtjMFqKZ9KQanSqYXRcF8fBopzLHYxdM65zcjm: 104.583914, So11111111111111111111111111111111111111112: 0.358020951, price: 0.003423288891253391 sol
calculate pool[CpsMssqi3P9VMvNqxrdWVbSBCwyUHbGgNcrw7MorBq3g]: KENJSUYLASHUMfHyy5o4Hp2FdNqZg1AsUPhfH2kYvEP: 18231376.733646, So11111111111111111111111111111111111111112: 15782.317803732, price: 0.0008656679105646331 sol
calculate pool[9CTxEyRStwTKLfVTS6c7rfQc7PTxY42YPdQcrHTv53Ao]: h5NciPdMZ5QCB5BYETJMYBMpVx9ZuitR6HcVjyBhood: 941533763.047539, So11111111111111111111111111111111111111112: 3653.388869773, price: 0.000003880252640062294 sol
calculate pool[78sBWyimVhLumzZg1bdMD6ogGig8QpmgYZqCXNyMxx4z]: eL5fUxj2J4CiQsmW85k5FG9DvuQjjUoBHoQBi2Kpump: 39031363.989188, So11111111111111111111111111111111111111112: 6820.864308817, price: 0.00017475341908897762 sol
calculate pool[6txNZWajZtoSgZUyhkh2MVwJ4CnKstTQyi3uSwxr85ir]: Zc4uJVrHC2APe9qKwBD11Gg4BbvQr3naM8f7Wiopump: 47797789.9805, So11111111111111111111111111111111111111112: 1225.246499138, price: 0.00002563395712726179 sol
calculate pool[H3HPPnm3rA4gGqzazikdoNfP1F1M9VWx4Bc9gBVdQ3SG]: MEFNBXixkEbait3xn9bkm8WsJzXtVsaJEn4c8Sam21u: 2.801332, So11111111111111111111111111111111111111112: 0.031946856, price: 0.011404166303744077 sol
calculate pool[AemYRZmJryzAQ9Z4RLfUBLnPRUY5ecooc94EJvemfti4]: Cy1GS2FqefgaMbi45UunrUzin1rfEmTUYnomddzBpump: 17472202.872243, So11111111111111111111111111111111111111112: 4278.649599927, price: 0.00024488323717464526 sol
calculate pool[AAoREr9vexyGrinK6Z2GBcq5TKrNkZQXzkDpDDeXVaMk]: 7D1iYWfhw2cr9yBZBFE6nZaaSUvXHqG5FizFFEZwpump: 24536494.639161, So11111111111111111111111111111111111111112: 5394.306667435, price: 0.00021984830134723162 sol
calculate pool[GjvW8JQSpKG5ogjyD3zozfaeJSShTajS5ZFrexT8L12k]: DKu9kykSfbN5LBfFXtNNDPaX35o4Fv6vJ9FKk7pZpump: 26126586.990288, So11111111111111111111111111111111111111112: 6699.749891402, price: 0.00025643417924784773 sol
calculate pool[AB1eu2L1Jr3nfEft85AuD2zGksUbam1Kr8MR3uM2sjwt]: A8C3xuqscfmyLrte3VmTqrAq8kgMASius9AFNANwpump: 37617950.597633, So11111111111111111111111111111111111111112: 12622.833619543, price: 0.00033555346367904627 sol
calculate pool[HL4KFTfhZZMm7NGefszQxzJ3M6CaDWE7TesyuRuQYmMJ]: 74SBV4zDXxTRgv1pEMoECskKBkZHc2yGPnc7GYVepump: 34806984.508535, So11111111111111111111111111111111111111112: 10493.466989614, price: 0.00030147590024757543 sol
calculate pool[2RWdS9xeDXSMgkRZnT2uk4FmnXtykVq6LLYvxPWVUmS3]: J7tYmq2JnQPvxyhcXpCDrvJnc9R5ts8rv7tgVHDPsw7U: 21872448.18721, So11111111111111111111111111111111111111112: 3098.939365074, price: 0.00014168232739881934 sol
calculate pool[9t1H1uDJ558iMPNkEPSN1fqkpC4XSPQ6cqSf6uEsTfTR]: J3NKxxXZcnNiMjKw9hYb2K4LUxgwB6t1FtPtQVsv3KFr: 1793413.25575907, So11111111111111111111111111111111111111112: 6971.820334834, price: 0.0038874589068893365 sol
calculate pool[4xxM4cdb6MEsCxM52xvYqkNbzvdeWWsPDZrBcTqVGUar]: 63LfDmNb3MQ8mw9MtZ2To9bEA2M71kZUUGq5tiJxcqj9: 81790491.85302, So11111111111111111111111111111111111111112: 15868.237152212, price: 0.0001940107803817552 sol
calculate pool[J2p6tgZDkvtHQ3VfbGRjzHJNLrqFgGfvjJsp2K7HX5cH]: 9DHe3pycTuymFk4H4bbPoAJ4hQrr2kaLDF6J6aAKpump: 41494631.737189, So11111111111111111111111111111111111111112: 7646.705384394, price: 0.0001842817989764383 sol
calculate pool[6UMDnfdJrE9qVuaabh7qaM64ZHYCopnjXRnSS8s16Wmc]: 9soX9xpDQS9U3UotRw6y2gH5Ash97yWgxeoeB5Ripump: 41075991.695026, So11111111111111111111111111111111111111112: 705.472620224, price: 0.000017174816507459455 sol
calculate pool[6uoBUmBCgmtK1Hp6rvtVYaD3tDudFk9S6HV2UewiUthS]: 2sNenpKt7a2wr6sbYoP5FCoyz6MtK3gK1eips2X7pump: 154280600.421479, So11111111111111111111111111111111111111112: 192.956116639, price: 0.000001250682951141384 sol
calculate pool[F738UFUJZwaJvRoNJKotySDm83sL4UZ81Jxrd7YPRcX6]: FHKiJEg2zmhv9DEeaXMSZa7R4P8BPFX5VTRrzrtJpump: 56478809.274999, So11111111111111111111111111111111111111112: 631.749742528, price: 0.000011185606613127577 sol
calculate pool[7HARASAFTUyfhq9wNZrRdEYqMf7kwJSQ4tpJPAbs5jRE]: whispF7G9DHaojYHe2cdhRX5EMJzGBdqq7R57kL6inL: 33488035.073496, So11111111111111111111111111111111111111112: 2574.898757467, price: 0.00007689011170156399 sol
calculate pool[T5mZpKou42YF3ssrQyrxFJZDL4zvBKg8u1HxqBfDyoo]: CboMcTUYUcy9E6B3yGdFn6aEsGUnYV6yWeoeukw6pump: 41314163.033457, So11111111111111111111111111111111111111112: 3894.055890737, price: 0.00009425474473689613 sol
calculate pool[7dXUXn2dxTydHi2yWqvvqJwEWoB9mLFTh4hzDDowKVJY]: GekTNfm84QfyP2GdAHZ5AgACBRd69aNmgA5FDhZupump: 24899741.217104, So11111111111111111111111111111111111111112: 6214.984929986, price: 0.0002496003824215183 sol
calculate pool[9DzLnkFRg5zMy532q7sbJjZx7uEL1SeFUDyAnF5yizoH]: 4FkNq8RcCYg4ZGDWh14scJ7ej3m5vMjYTcWoJVkupump: 35100963.19414, So11111111111111111111111111111111111111112: 2608.099541248, price: 0.00007430279126025278 sol
calculate pool[EGD9iHxJEddmUmTvdomaGRvzM8BMwwYUYFxG4jtqqG63]: 2DJAyCbx9HkHiPsyJdZmgio9Pu9p1w6jujXDo5h4pump: 50925614.208697, So11111111111111111111111111111111111111112: 427.880790971, price: 0.000008402074233557839 sol
calculate pool[AMFWZTqxmYVAPqqRVx9KQ2zrmnyYaLmyp14QSZA6Jc6x]: BmXfbamFqrBzrqihr9hbSmEsfQUXMVaqshAjgvZupump: 46719677.225224, So11111111111111111111111111111111111111112: 1945.38106133, price: 0.00004163943710380959 sol
calculate pool[4BBvrWsocM9wY2qXCCufCL8GxKtNeXT73uNfveK4MMq7]: 2z1p8xCEjRzpBHjXWrx4tJnz7BFL6z7NnvbCxH7bpump: 24846222.662496, So11111111111111111111111111111111111111112: 1813.781360708, price: 0.00007300028601312516 sol
calculate pool[3bC2e2RxcfvF9oP22LvbaNsVwoS2T98q6ErCRoayQYdq]: FeR8VBqNRSUD5NtXAj2n3j1dAHkZHfyDktKuLXD4pump: 112988152.191429, So11111111111111111111111111111111111111112: 5845.157846914, price: 0.00005173248463264451 sol
calculate pool[13Z4JGAd7Fn3fE9EJGPffL84KFH9Ehfa9WCtcG6ce5yq]: CrWL4zsWLTwbFr2gdHuuRR57hezCwhFwMjSPLbu7pump: 469319784.418068, So11111111111111111111111111111111111111112: 55.90980686, price: 0.00000011912944801448173 sol
calculate pool[D8JjVpFdXjFvHmsX7LyFy8iHXEqzhbQo576Rt8rZkyiq]: 6dKCoWjpj5MFU5gWDEFdpUUeBasBLK3wLEwhUzQPAa1e: 1677276.86358638, So11111111111111111111111111111111111111112: 4369.411920207, price: 0.00260506301318928 sol
calculate pool[DgqD4rmBKf3Upcy7GUkLMyosaP4HpzmUWSVsUZatJLkY]: EfgEGG9PxLhyk1wqtqgGnwgfVC7JYic3vC9BCWLvpump: 43830619.093859, So11111111111111111111111111111111111111112: 1658.572409532, price: 0.00003784049698180919 sol
calculate pool[J3Und1EU6YWNknpG5Tc7pS4GCEWic2xtj1zpfmnwCpme]: 6P8ixuqGZpfyHAxyxbU4a31vsMiFiCQjBzVV58gPpump: 84853543.420945, So11111111111111111111111111111111111111112: 529.420990442, price: 0.000006239232554091774 sol
calculate pool[DzBRibt6qbv3dJPwXZdEQnb9YTVa35R97cSSi29ysN39]: EwZHZ6tHqLjsbDfkrTdHCTcPdq2MCiFRvXsHFtGGpump: 24491951.307088, So11111111111111111111111111111111111111112: 1048.46678353, price: 0.000042808626000598507 sol
calculate pool[Fps13qjgYq9Bdx2xtLfHRAn7cMeSsiCGoR95dwCjs6rt]: 2sCUCJdVkmyXp4dT8sFaA9LKgSMK4yDPi9zLHiwXpump: 36798421.896077, So11111111111111111111111111111111111111112: 1196.085882409, price: 0.00003250372762687718 sol
calculate pool[8WwcNqdZjCY5Pt7AkhupAFknV2txca9sq6YBkGzLbvdt]: Dfh5DzRgSvvCFDoYc2ciTkMrbDfRKybA4SoFbPmApump: 43613680.131787, So11111111111111111111111111111111111111112: 6952.599173833, price: 0.00015941326558145067 sol
calculate pool[DE2B6w3sR6KyRRvGLm4op2ZXKyGG52k4Jr871ro6k3NH]: Cn5Ne1vmR9ctMGY9z5NC71A3NYFvopjXNyxYtfVYpump: 23454209.792216, So11111111111111111111111111111111111111112: 2967.800615697, price: 0.00012653594565705453 sol
calculate pool[FyDF3vKQFbcvNTsBi7L7LremrFPmXKbQqgAgnPg1hXXd]: HNg5PYJmtqcmzXrv6S9zP1CDKk5BgDuyFBxbvNApump: 41124920.932655, So11111111111111111111111111111111111111112: 5704.83255985, price: 0.00013871959946602867 sol
calculate pool[9Tb2ohu5P16BpBarqd3N27WnkF51Ukfs8Z1GzzLDxVZW]: CzLSujWBLFsSjncfkh59rUFqvafWcY5tzedWJSuypump: 18716765.09351, So11111111111111111111111111111111111111112: 11678.861955942, price: 0.0006239786575080553 sol
calculate pool[CjqRdYrhbe5rzqzbnUooffWz2S9Vr9LChKEkfr9A5XZE]: M9rn5QZ4bK4CJvVJnyeMfzvckDxSfZ1G4qwsQRnmoon: 76707799.63145676, So11111111111111111111111111111111111111112: 256.071687697, price: 0.0000033382744509332623 sol
calculate pool[93tjgwff5Ac5ThyMi8C4WejVVQq4tuMeMuYW1LEYZ7bu]: Df6yfrKC8kZE3KNkrHERKzAetSxbrWeniQfyJY4Jpump: 32205495.592206, So11111111111111111111111111111111111111112: 5451.083420371, price: 0.00016925941738000168 sol
calculate pool[FvMZrD1qC66Zw8VPrW15xN1N5owUPqpQgNQ5oH18mR4E]: 5LafQUrVco6o7KMz42eqVEJ9LW31StPyGjeeu5sKoMtA: 112120791282.86475, So11111111111111111111111111111111111111112: 4461.115592424, price: 0.00000003978847759974546 sol
calculate pool[3QkoQz19jfyeJB7XhHkbVUmFUVG4nsf1GAkPKiGTruhG]: CcfWx71YLn3pDfLMnnECcAwU5KeC2eBsBUCcoQzMpump: 75585240.409765, So11111111111111111111111111111111111111112: 298.049818749, price: 0.000003943227766865637 sol
calculate pool[9Pk43Sr7J8GYQ1h89riWSSBVH4Cp6ZxoWez9xTiAm92T]: 3N2ETvNpPNAxhcaXgkhKoY1yDnQfs41Wnxsx5qNJpump: 42811261.830596, So11111111111111111111111111111111111111112: 3064.406071203, price: 0.00007157943821718788 sol
calculate pool[3sjNoCnkkhWPVXYGDtem8rCciHSGc9jSFZuUAzKbvRVp]: 8x5VqbHA8D7NkD52uNuS5nnt3PwA8pLD34ymskeSo2Wn: 26994773.739228, So11111111111111111111111111111111111111112: 7689.836568665, price: 0.00028486390154440743 sol
calculate pool[FYTqsdf9332nGYgWW7VeWvTBeETmCNSaaU17hHVC6YRu]: p5LZKhRE2qhCS9Ys8TjwB8r3DspxQVxSowcrc3tKgkz: 162553376.192391, So11111111111111111111111111111111111111112: 162.985969795, price: 0.0000010026612403429689 sol
calculate pool[EK8zZWk9qQHjLkzaySgM5igihRrHWd9Pyv6m5r4fjvXa]: Dq319cnGeK3HVy4mLLH2KnZLwQcRRsJduvj2dLpgpump: 83797832.138284, So11111111111111111111111111111111111111112: 246.168740115, price: 0.0000029376504598444734 sol
calculate pool[vG7qJzxyX7P7iF3PGVwKpoe4pgEQAGJ7JT7A4wvhWfp]: H1NPJkh3KUJGbpjkyQD5qG1nrpFW7tHiqek5SAbMpump: 34893546.050424, So11111111111111111111111111111111111111112: 2441.067264056, price: 0.00006995755778241799 sol
calculate pool[2KB3i5uLKhUcjUwq3poxHpuGGqBWYwtTk5eG9E5WnLG6]: 8i51XNNpGaKaj4G4nDdmQh95v4FKAxw8mhtaRoKd9tE8: 69993765.242256, So11111111111111111111111111111111111111112: 2257.511525877, price: 0.00003225303736787853 sol
calculate pool[9v2xtyqcoENU82bHEzkNqSwtZbhjdpR9uGiCGAT31i5o]: HWeZgfKdPWRkLBGnmze5YokeZg9tQ2MYceYUChDNpump: 170477259.649516, So11111111111111111111111111111111111111112: 350.258509569, price: 0.0000020545761369527884 sol
calculate pool[4rXdSYQ3utmHPcLe1K18sHCBJrFHheeZrCyAGxNJp3mq]: 7rP5mtdKmVj9c1nz28VCpre1DDDntCf88ZftbwUFpump: 162640509.560284, So11111111111111111111111111111111111111112: 125.934940619, price: 0.0000007743147199887567 sol
calculate pool[9iL89qfbTMWygtawzGikL2j6ASbRYX7XSM5ePUcoQ5fk]: EsP4kJfKUDLfX274WoBSiiEy74Sh4tZKUCDjfULHpump: 53847427.828747, So11111111111111111111111111111111111111112: 2326.097290686, price: 0.000043197927635165324 sol
calculate pool[4D1LDiENf5RkTJivGBvFbbUW4KPCNpyPRPnNJk1aT8z2]: GPwwihLa1w9Qsz27SmNrj7aLVnE7pr2cAvHe6aVVpump: 43334394.924813, So11111111111111111111111111111111111111112: 765.402675401, price: 0.000017662705957450332 sol
calculate pool[A1b61xWnT6jxK6AZnxC5EZjGP3cdkN1Fz6oLSm4sR8qk]: 5QS7RcHfGUa2ZtrovPvEJMB9coqroiT7H48dPSwFpump: 26056939.987497, So11111111111111111111111111111111111111112: 2911.836844615, price: 0.00011174899454856164 sol
calculate pool[6KyeECHSa7Jstb3LwxNvH4FchqjJpjtnimhksovATj9c]: AtpNJ7mtMCYPCeXkZCshGKtU98gcbHvyorbo8dptWoxk: 147870896.773617, So11111111111111111111111111111111111111112: 282.863926719, price: 0.0000019129114172618473 sol
calculate pool[9s9e3H9r1dzgPLojjEkmkSLatjjN9Wq5XipEqrEHhfX3]: 2hXQn7nJbh2XFTxvtyKb5mKfnScuoiC1Sm8rnWydpump: 73209244.182236, So11111111111111111111111111111111111111112: 275.924870693, price: 0.000003768989473599187 sol
calculate pool[HQWsAXxH3dGy9DQbryJyDrquKt2eDY6MMHWmpUEKfgZq]: CBdCxKo9QavR9hfShgpEBG3zekorAeD7W1jfq2o3pump: 71250515.261963, So11111111111111111111111111111111111111112: 3910.276362597, price: 0.00005488067487259978 sol
calculate pool[8TyM4TdgXB7bpknWpUQxBGjT6JkUEnVUVGPNuSxLwZLZ]: DUhWgHD3KgHHmsYdQdJHDv359bySNzigYcqJ45Gcpump: 135920214.718604, So11111111111111111111111111111111111111112: 212.046523278, price: 0.0000015600808438759496 sol
calculate pool[22WrmyTj8x2TRVQen3fxxi2r4Rn6JDHWoMTpsSmn8RUd]: ED5nyyWEzpPPiWimP8vYm7sD7TD3LAt3Q3gRTWHzPJBY: 26230239.074971, So11111111111111111111111111111111111111112: 8694.087856759, price: 0.0003314528636932987 sol
calculate pool[B4FfNSK6dWYdwVgfc2zauLPttwEtjBjWrTDe7bAjFPnE]: DECqp3qgUAarXoP2FssBnFXPsqtLhc5Y9UuvjxWMpump: 191946969.128899, So11111111111111111111111111111111111111112: 307.768761527, price: 0.0000016034051640603016 sol
calculate pool[5WGx6mE9Xww3ocYzSenGVQMJLCVVwK7ePnYV6cXcpJtK]: WENWENvqqNya429ubCdR81ZmD69brwQaaBYY6p3LCpk: 228791569.17714, So11111111111111111111111111111111111111112: 43.224014086, price: 0.00000018892310691979283 sol
calculate pool[BgEkJKAhs53dQx3ium3CAob3sBPahZQ7iRETwraFBPv]: AnZfSCJdna8EDFh9kgW6ZtpuwoHJUDnK1kG2tP6Kpump: 99566608.150448, So11111111111111111111111111111111111111112: 177.183875862, price: 0.0000017795511884292583 sol
calculate pool[xp9mwMT9tneL5JnNZWir4ZFnKuFakj95Lx7dnFnm97J]: ELTyCf5EzgQNfLnAJo5TWgiDnguJrjo8HEHFF98Tpump: 623557226.258762, So11111111111111111111111111111111111111112: 29.129653236, price: 0.000000046715284514900095 sol
calculate pool[BourCfkdGsr55XAVzDeU6tci7twRTiCGRvCLioENnBBX]: BYZ9CcZGKAXmN2uDsKcQMM9UnZacija4vWcns9Th69xb: 30319359.620134, So11111111111111111111111111111111111111112: 1100.308802143, price: 0.000036290634628454504 sol
calculate pool[59VtDHQrcDKswbaStjTsjNiqLngjX72UHFqChnpAb93p]: HZ1JovNiVvGrGNiiYvEozEVgZ58xaU3RKwX8eACQBCt3: 9232.624641, So11111111111111111111111111111111111111112: 9.582083418, price: 0.001037850426134312 sol
calculate pool[5uvkgfoiwuPRwNXDtnyaARGYxY6hwU1WkyufkK2dyodQ]: 8aVPsJpyPBpi5ZpBCygGbBAk8JRaEiYHL9eMqkCqpump: 197878887.052306, So11111111111111111111111111111111111111112: 135.466072653, price: 0.0000006845908356922979 sol
calculate pool[3AM9AuuewMkGSTS5K3nkBoGLucR2iaBhZL7tZQUDFCci]: ByPXrvff3HFTshr2LAKAwVSSJjd1dPT3vqej1R9Tpump: 518684967.511948, So11111111111111111111111111111111111111112: 37.178504922, price: 0.00000007167839295659477 sol
calculate pool[9KvRSaxwX1o5CK1eswXWR1ivk17HTB11arYo7nUbzcua]: 8XN5g4vrHtxcpi443Pz4HuNxe3EuCojdLTdiz4eRpump: 154004030.698825, So11111111111111111111111111111111111111112: 170.095000575, price: 0.0000011044840826773098 sol
calculate pool[2rELt3soJTtUmFwusYdjwg4vEsuyD7c7eaVubwtFANBa]: 2a8Kyp1DD2kd1PGtMA6LBktG8rCSE6XVdktkm55spump: 343630793.603255, So11111111111111111111111111111111111111112: 53.707744662, price: 0.00000015629491204449282 sol
calculate pool[9AaWekdAGw6UJYawfqeEWAhC4DUYKRbhy2uzV3C8TDCN]: 4SVc8kQ4SHCG3qyxy4h11aXWqo1YMLRQ3qaEbrBfpump: 83639434.046772, So11111111111111111111111111111111111111112: 229.159684627, price: 0.000002739852167087257 sol
calculate pool[E6PTrqLjqdePdRp985w9EqmFnQ7JqPVraMAaWRSFdSFc]: 2q1PPf3We5Pvz617HfAZ8J4ueyqRUGCcSybraTDspump: 135757363.487109, So11111111111111111111111111111111111111112: 145.304263566, price: 0.0000010703232578599505 sol
calculate pool[HpmR58xJrFqVidGM1q4mp27tpJGdWiTLFqcp18joscb4]: Bhav3ma5S92jFX1QRXbB7AtfkUWHC9XrRbpA612ipump: 551673702.522545, So11111111111111111111111111111111111111112: 31.515312112, price: 0.00000005712672539563743 sol
calculate pool[59eSqFAxNpodQUWYsgyTp1qjBStpcdCq5PYrXxbKJWJ3]: 3Ev2enTdSmd236yKKX528eqja1pn47juzb1tCmsCpump: 454015484.847322, So11111111111111111111111111111111111111112: 38.012855356, price: 0.00000008372590060178918 sol
calculate pool[F3DhJLzzyuRF9PE6HpFVQ5CXVSYZw3NRWxRNjDduyJDA]: EqHdQ73TcqKQVqs6UUxZGiU82AhJsouSrxDfV5Ycpump: 130799267.63098, So11111111111111111111111111111111111111112: 142.044730747, price: 0.0000010859749700414721 sol
calculate pool[HSzfByC9n4fsJRNWCNjc2Q22XJmbHVRVmjn1551NBVXd]: 3cc8hXHqZdvsbvw5azbLdk4Rxse1KERtL4HaquDVpump: 315582219.553419, So11111111111111111111111111111111111111112: 55.020162067, price: 0.00000017434493662177525 sol
calculate pool[F4cckFy74NoxocEst6fHXtdwjDkXrdNDHnzcnP51xR6U]: BHdVt31H9M8VdZY4DSEiQ7RSwz3YP9z4npvVVU5Epump: 336189636.175539, So11111111111111111111111111111111111111112: 58.462346762, price: 0.00000017389693337088567 sol
calculate pool[3147BtriGHpf3DmkKMUeqMjnGowVvhqraM3Zd8Y2gpQe]: 5poDRfGiHJonS6SR6QiQvAPPLj4JghyS1mZ2zhGypump: 108994962.974691, So11111111111111111111111111111111111111112: 208.733350356, price: 0.0000019150733635688154 sol
calculate pool[CSUW9fJKfZm5eis2itv3svPmHxqFDYyhbZGMCB2jD8qu]: 4VwoSPRitwHBkuS8mi3KPwRQEwsHSyc6kJRnwsY5pump: 62251501.750482, So11111111111111111111111111111111111111112: 299.992586124, price: 0.000004819041753023689 sol
calculate pool[7vAgPvhhrvxbCFiTKZM3jeCXSdxHQHJ9RKW72TgWqwQx]: 9rXxNPCWM7B9TiwxexL6P7TcAnmkvMak9j2fYTAEpump: 263709159.687097, So11111111111111111111111111111111111111112: 73.891629985, price: 0.00000028020122650527493 sol
calculate pool[4SSUBVK4YADvBTxWiEpdqkP9Z724tnp1PrqbQAYEUPzz]: AtpvhwYfYDny4D9qca4UktnSaa4FLAmdo2s4rncApump: 79121965.823058, So11111111111111111111111111111111111111112: 240.746032286, price: 0.0000030427205616248855 sol
calculate pool[Fcg7MsMeNKkm45xjrF6YpZu7xYALW3YWa4hiSStt2nG2]: Ae2meQKGwPwfaTpJiKx2Qmrp3CcvYzMd7ZDcWwpCpump: 248969100.657339, So11111111111111111111111111111111111111112: 141.519254303, price: 0.0000005684209563731191 sol
calculate pool[8ru34BPQPYoZgeo4acQTcCDHXiJPKHGkmLQHbLurtuq6]: 9woPCPgyGA5tkXggsxKHDRZ3bG8nVr3T1XpzAfxcpump: 217802957.811813, So11111111111111111111111111111111111111112: 88.313312189, price: 0.00000040547342917769204 sol
calculate pool[CfoGJ1AnDMLeA8TMVL1PUsYm7RCPN9SCJ273W6dXnLpt]: BzJr2eckgdCFPdGeBwVV3HcUF3DY54MgSHbbgrqrpump: 82451423.986981, So11111111111111111111111111111111111111112: 215.651917709, price: 0.0000026155026472684232 sol
calculate pool[8MNubfd1ctzgSc9EpfEaDnxDi87MpekzViX1jQgMNQW5]: 4cVUUmNXwQiPi14rT8W1NjEeUmvuSPUhcKDPdCpLpump: 132770280.089789, So11111111111111111111111111111111111111112: 138.907453428, price: 0.0000010462239993322344 sol
thread 'main' panicked at /root/.cargo/git/checkouts/raydium-library-35e3e5b78a9011c5/72a22dc/libraries/common/src/rpc.rs:128:10:
called `Result::unwrap()` on an `Err` value: Error { request: Some(GetProgramAccounts), kind: Reqwest(reqwest::Error { kind: Request, url: Url { scheme: "http", cannot_be_a_base: false, username: "", password: None, host: Some(Domain("rpc.corvus-labs.io")), port: None, path: "/", query: Some("api-key=25500f0-14752eF-969d59C"), fragment: None }, source: TimedOut }) }
note: run with `RUST_BACKTRACE=1` environment variable to display a backtrace
root@XYi1:/var/www/raydium-pool-fetch#
