2025-10-26 03:54:08,383 - __main__ - INFO - ================================================================================
2025-10-26 03:54:08,383 - __main__ - INFO - AI Trading Bot - Main Server Management System
2025-10-26 03:54:08,383 - __main__ - INFO - ================================================================================
2025-10-26 03:54:08,383 - __main__ - INFO - Started at: 2025-10-26 03:54:08
2025-10-26 03:54:08,383 - __main__ - INFO - 
2025-10-26 03:54:08,383 - __main__ - INFO - Initializing Management System...
2025-10-26 03:54:08,384 - alert_manager - INFO - AlertManager initialized
2025-10-26 03:54:08,386 - health_checker - INFO - HealthChecker initialized
2025-10-26 03:54:08,386 - server_monitor - INFO - ServerMonitor initialized
2025-10-26 03:54:08,386 - subsystem_registry - INFO - Registered subsystem: data_collection
2025-10-26 03:54:08,386 - subsystem_registry - INFO - Registered subsystem: ai_training
2025-10-26 03:54:08,386 - subsystem_registry - INFO - Registered subsystem: ai_prediction
2025-10-26 03:54:08,386 - subsystem_registry - INFO - Registered subsystem: pattern_detection
2025-10-26 03:54:08,386 - subsystem_registry - INFO - Registered subsystem: sentiment_analysis
2025-10-26 03:54:08,386 - subsystem_registry - INFO - Registered subsystem: momentum_prediction
2025-10-26 03:54:08,386 - subsystem_registry - INFO - Registered subsystem: indicator_analysis
2025-10-26 03:54:08,386 - subsystem_registry - INFO - Registered subsystem: backtesting
2025-10-26 03:54:08,386 - subsystem_registry - INFO - Registered subsystem: signal_testing
2025-10-26 03:54:08,387 - subsystem_registry - INFO - Registered subsystem: training_manager
2025-10-26 03:54:08,387 - subsystem_registry - INFO - SubsystemRegistry initialized
2025-10-26 03:54:08,387 - alert_manager - INFO - AlertManager initialized
2025-10-26 03:54:08,387 - health_checker - INFO - HealthChecker initialized
2025-10-26 03:54:08,387 - server_monitor - INFO - ServerMonitor initialized
2025-10-26 03:54:08,387 - subsystem_orchestrator - INFO - SubsystemOrchestrator initialized
2025-10-26 03:54:08,387 - __main__ - INFO - Management System initialized
2025-10-26 03:54:08,387 - __main__ - INFO - Starting Management System...
2025-10-26 03:54:08,388 - server_monitor - INFO - Server monitoring started
2025-10-26 03:54:10,961 - subsystem_orchestrator - INFO - Auto management started
2025-10-26 03:54:10,962 - __main__ - ERROR - Error starting management system: name 'AlertLevel' is not defined
2025-10-26 03:54:10,962 - __main__ - ERROR - Fatal error in main: name 'AlertLevel' is not defined
Traceback (most recent call last):
  File "E:\Program Files\Windows Defender\Deploying\Main_server_management_system\main.py", line 150, in main
    management_system.start()
  File "E:\Program Files\Windows Defender\Deploying\Main_server_management_system\main.py", line 77, in start
    level=AlertLevel.INFO
          ^^^^^^^^^^
NameError: name 'AlertLevel' is not defined
2025-10-26 03:55:45,058 - __main__ - INFO - ================================================================================
2025-10-26 03:55:45,058 - __main__ - INFO - AI Trading Bot - Main Server Management System
2025-10-26 03:55:45,058 - __main__ - INFO - ================================================================================
2025-10-26 03:55:45,058 - __main__ - INFO - Started at: 2025-10-26 03:55:45
2025-10-26 03:55:45,058 - __main__ - INFO - 
2025-10-26 03:55:45,058 - __main__ - INFO - Initializing Management System...
2025-10-26 03:55:45,058 - alert_manager - INFO - AlertManager initialized
2025-10-26 03:55:45,058 - health_checker - INFO - HealthChecker initialized
2025-10-26 03:55:45,058 - server_monitor - INFO - ServerMonitor initialized
2025-10-26 03:55:45,058 - subsystem_registry - INFO - Registered subsystem: data_collection
2025-10-26 03:55:45,058 - subsystem_registry - INFO - Registered subsystem: ai_training
2025-10-26 03:55:45,058 - subsystem_registry - INFO - Registered subsystem: ai_prediction
2025-10-26 03:55:45,058 - subsystem_registry - INFO - Registered subsystem: pattern_detection
2025-10-26 03:55:45,058 - subsystem_registry - INFO - Registered subsystem: sentiment_analysis
2025-10-26 03:55:45,058 - subsystem_registry - INFO - Registered subsystem: momentum_prediction
2025-10-26 03:55:45,058 - subsystem_registry - INFO - Registered subsystem: indicator_analysis
2025-10-26 03:55:45,058 - subsystem_registry - INFO - Registered subsystem: backtesting
2025-10-26 03:55:45,058 - subsystem_registry - INFO - Registered subsystem: signal_testing
2025-10-26 03:55:45,058 - subsystem_registry - INFO - Registered subsystem: training_manager
2025-10-26 03:55:45,058 - subsystem_registry - INFO - SubsystemRegistry initialized
2025-10-26 03:55:45,058 - alert_manager - INFO - AlertManager initialized
2025-10-26 03:55:45,058 - health_checker - INFO - HealthChecker initialized
2025-10-26 03:55:45,058 - server_monitor - INFO - ServerMonitor initialized
2025-10-26 03:55:45,058 - subsystem_orchestrator - INFO - SubsystemOrchestrator initialized
2025-10-26 03:55:45,058 - __main__ - INFO - Management System initialized
2025-10-26 03:55:45,058 - __main__ - INFO - Starting Management System...
2025-10-26 03:55:45,058 - server_monitor - INFO - Server monitoring started
2025-10-26 03:55:47,505 - subsystem_orchestrator - INFO - Auto management started
2025-10-26 03:55:47,505 - __main__ - ERROR - Error starting management system: name 'AlertLevel' is not defined
2025-10-26 03:55:47,505 - __main__ - ERROR - Fatal error in main: name 'AlertLevel' is not defined
Traceback (most recent call last):
  File "E:\Program Files\Windows Defender\Deploying\Main_server_management_system\main.py", line 150, in main
    management_system.start()
  File "E:\Program Files\Windows Defender\Deploying\Main_server_management_system\main.py", line 77, in start
    level=AlertLevel.INFO
          ^^^^^^^^^^
NameError: name 'AlertLevel' is not defined
2025-10-26 03:58:16,972 - __main__ - INFO - ================================================================================
2025-10-26 03:58:16,972 - __main__ - INFO - AI Trading Bot - Main Server Management System
2025-10-26 03:58:16,972 - __main__ - INFO - ================================================================================
2025-10-26 03:58:16,972 - __main__ - INFO - Started at: 2025-10-26 03:58:16
2025-10-26 03:58:16,972 - __main__ - INFO - 
2025-10-26 03:58:16,972 - __main__ - INFO - Initializing Management System...
2025-10-26 03:58:16,972 - alert_manager - INFO - AlertManager initialized
2025-10-26 03:58:16,972 - health_checker - INFO - HealthChecker initialized
2025-10-26 03:58:16,972 - server_monitor - INFO - ServerMonitor initialized
2025-10-26 03:58:16,972 - subsystem_registry - INFO - Registered subsystem: data_collection
2025-10-26 03:58:16,972 - subsystem_registry - INFO - Registered subsystem: ai_training
2025-10-26 03:58:16,972 - subsystem_registry - INFO - Registered subsystem: ai_prediction
2025-10-26 03:58:16,972 - subsystem_registry - INFO - Registered subsystem: pattern_detection
2025-10-26 03:58:16,972 - subsystem_registry - INFO - Registered subsystem: sentiment_analysis
2025-10-26 03:58:16,972 - subsystem_registry - INFO - Registered subsystem: momentum_prediction
2025-10-26 03:58:16,972 - subsystem_registry - INFO - Registered subsystem: indicator_analysis
2025-10-26 03:58:16,972 - subsystem_registry - INFO - Registered subsystem: backtesting
2025-10-26 03:58:16,972 - subsystem_registry - INFO - Registered subsystem: signal_testing
2025-10-26 03:58:16,972 - subsystem_registry - INFO - Registered subsystem: training_manager
2025-10-26 03:58:16,972 - subsystem_registry - INFO - SubsystemRegistry initialized
2025-10-26 03:58:16,972 - alert_manager - INFO - AlertManager initialized
2025-10-26 03:58:16,972 - health_checker - INFO - HealthChecker initialized
2025-10-26 03:58:16,972 - server_monitor - INFO - ServerMonitor initialized
2025-10-26 03:58:16,972 - subsystem_orchestrator - INFO - SubsystemOrchestrator initialized
2025-10-26 03:58:16,972 - __main__ - INFO - Management System initialized
2025-10-26 03:58:16,972 - __main__ - INFO - Starting Management System...
2025-10-26 03:58:16,972 - server_monitor - INFO - Server monitoring started
2025-10-26 03:58:19,279 - subsystem_orchestrator - INFO - Auto management started
2025-10-26 03:58:19,279 - __main__ - ERROR - Error starting management system: name 'AlertLevel' is not defined
2025-10-26 03:58:19,279 - __main__ - ERROR - Fatal error in main: name 'AlertLevel' is not defined
Traceback (most recent call last):
  File "E:\Program Files\Windows Defender\Deploying\Main_server_management_system\main.py", line 150, in main
    management_system.start()
  File "E:\Program Files\Windows Defender\Deploying\Main_server_management_system\main.py", line 77, in start
    level=AlertLevel.INFO
          ^^^^^^^^^^
NameError: name 'AlertLevel' is not defined
2025-10-27 10:02:33,817 - __main__ - INFO - ================================================================================
2025-10-27 10:02:33,817 - __main__ - INFO - AI Trading Bot - Main Server Management System
2025-10-27 10:02:33,818 - __main__ - INFO - ================================================================================
2025-10-27 10:02:33,818 - __main__ - INFO - Started at: 2025-10-27 10:02:33
2025-10-27 10:02:33,818 - __main__ - INFO - 
2025-10-27 10:02:33,818 - __main__ - INFO - Initializing Management System...
2025-10-27 10:02:33,818 - alert_manager - INFO - AlertManager initialized
2025-10-27 10:02:33,819 - health_checker - INFO - HealthChecker initialized
2025-10-27 10:02:33,819 - server_monitor - INFO - ServerMonitor initialized
2025-10-27 10:02:33,819 - subsystem_registry - INFO - Registered subsystem: data_collection
2025-10-27 10:02:33,819 - subsystem_registry - INFO - Registered subsystem: ai_training
2025-10-27 10:02:33,819 - subsystem_registry - INFO - Registered subsystem: ai_prediction
2025-10-27 10:02:33,820 - subsystem_registry - INFO - Registered subsystem: pattern_detection
2025-10-27 10:02:33,820 - subsystem_registry - INFO - Registered subsystem: sentiment_analysis
2025-10-27 10:02:33,820 - subsystem_registry - INFO - Registered subsystem: momentum_prediction
2025-10-27 10:02:33,820 - subsystem_registry - INFO - Registered subsystem: indicator_analysis
2025-10-27 10:02:33,820 - subsystem_registry - INFO - Registered subsystem: backtesting
2025-10-27 10:02:33,820 - subsystem_registry - INFO - Registered subsystem: signal_testing
2025-10-27 10:02:33,820 - subsystem_registry - INFO - Registered subsystem: training_manager
2025-10-27 10:02:33,821 - subsystem_registry - INFO - SubsystemRegistry initialized
2025-10-27 10:02:33,821 - alert_manager - INFO - AlertManager initialized
2025-10-27 10:02:33,821 - health_checker - INFO - HealthChecker initialized
2025-10-27 10:02:33,821 - server_monitor - INFO - ServerMonitor initialized
2025-10-27 10:02:33,821 - subsystem_orchestrator - INFO - SubsystemOrchestrator initialized
2025-10-27 10:02:33,821 - __main__ - INFO - Management System initialized
2025-10-27 10:02:33,822 - __main__ - INFO - Starting Management System...
2025-10-27 10:02:33,823 - server_monitor - INFO - Server monitoring started
