2025-07-20 20:14:04,413 - IBDataCollector - INFO - Attempting to connect to TWS (Attempt 1/3)...
2025-07-20 20:14:04,413 - ib_insync.client - INFO - Connecting to 127.0.0.1:7497 with clientId 1...
2025-07-20 20:14:06,455 - ib_insync.client - INFO - Disconnecting
2025-07-20 20:14:06,456 - ib_insync.client - ERROR - API connection failed: ConnectionRefusedError(22, 'The remote computer refused the network connection', None, 1225, None)
2025-07-20 20:14:06,457 - ib_insync.client - ERROR - Make sure API port on TWS/IBG is open
2025-07-20 20:14:06,458 - IBDataCollector - WARNING - Connection attempt 1 failed: [WinError 1225] The remote computer refused the network connection. Retrying in 5 seconds...
2025-07-20 20:14:11,461 - IBDataCollector - INFO - Attempting to connect to TWS (Attempt 2/3)...
2025-07-20 20:14:11,462 - ib_insync.client - INFO - Connecting to 127.0.0.1:7497 with clientId 1...
2025-07-20 20:14:13,519 - ib_insync.client - INFO - Disconnecting
2025-07-20 20:14:13,519 - ib_insync.client - ERROR - API connection failed: ConnectionRefusedError(22, 'The remote computer refused the network connection', None, 1225, None)
2025-07-20 20:14:13,520 - ib_insync.client - ERROR - Make sure API port on TWS/IBG is open
2025-07-20 20:14:13,520 - IBDataCollector - WARNING - Connection attempt 2 failed: [WinError 1225] The remote computer refused the network connection. Retrying in 5 seconds...
2025-07-20 20:14:18,522 - IBDataCollector - INFO - Attempting to connect to TWS (Attempt 3/3)...
2025-07-20 20:14:18,523 - ib_insync.client - INFO - Connecting to 127.0.0.1:7497 with clientId 1...
2025-07-20 20:14:20,576 - ib_insync.client - INFO - Disconnecting
2025-07-20 20:14:20,577 - ib_insync.client - ERROR - API connection failed: ConnectionRefusedError(22, 'The remote computer refused the network connection', None, 1225, None)
2025-07-20 20:14:20,578 - ib_insync.client - ERROR - Make sure API port on TWS/IBG is open
2025-07-20 20:14:20,578 - IBDataCollector - ERROR - Connection refused after 3 attempts.
2025-07-20 20:14:20,579 - IBDataCollector - ERROR - Make sure TWS/IB Gateway is running and listening on port 7497
2025-07-20 20:14:20,579 - IBDataCollector - ERROR - Check API settings in TWS/IB Gateway:
2025-07-20 20:14:20,580 - IBDataCollector - ERROR - 1. Enable 'Enable ActiveX and Socket Clients'
2025-07-20 20:14:20,580 - IBDataCollector - ERROR - 2. Set 'Socket port' to 7497
2025-07-20 20:14:20,581 - IBDataCollector - ERROR - 3. Check 'Allow connections from localhost only'
2025-07-20 20:14:20,585 - IBDataCollector - INFO - Attempting to connect to TWS (Attempt 1/3)...
2025-07-20 20:14:20,586 - ib_insync.client - INFO - Connecting to 127.0.0.1:7496 with clientId 1...
2025-07-20 20:14:22,615 - ib_insync.client - INFO - Disconnecting
2025-07-20 20:14:22,616 - ib_insync.client - ERROR - API connection failed: ConnectionRefusedError(22, 'The remote computer refused the network connection', None, 1225, None)
2025-07-20 20:14:22,617 - ib_insync.client - ERROR - Make sure API port on TWS/IBG is open
2025-07-20 20:14:22,618 - IBDataCollector - WARNING - Connection attempt 1 failed: [WinError 1225] The remote computer refused the network connection. Retrying in 5 seconds...
2025-07-20 20:14:27,619 - IBDataCollector - INFO - Attempting to connect to TWS (Attempt 2/3)...
2025-07-20 20:14:27,620 - ib_insync.client - INFO - Connecting to 127.0.0.1:7496 with clientId 1...
2025-07-20 20:14:29,667 - ib_insync.client - INFO - Disconnecting
2025-07-20 20:14:29,668 - ib_insync.client - ERROR - API connection failed: ConnectionRefusedError(22, 'The remote computer refused the network connection', None, 1225, None)
2025-07-20 20:14:29,669 - ib_insync.client - ERROR - Make sure API port on TWS/IBG is open
2025-07-20 20:14:29,669 - IBDataCollector - WARNING - Connection attempt 2 failed: [WinError 1225] The remote computer refused the network connection. Retrying in 5 seconds...
2025-07-20 20:14:34,671 - IBDataCollector - INFO - Attempting to connect to TWS (Attempt 3/3)...
2025-07-20 20:14:34,671 - ib_insync.client - INFO - Connecting to 127.0.0.1:7496 with clientId 1...
2025-07-20 20:14:36,717 - ib_insync.client - INFO - Disconnecting
2025-07-20 20:14:36,718 - ib_insync.client - ERROR - API connection failed: ConnectionRefusedError(22, 'The remote computer refused the network connection', None, 1225, None)
2025-07-20 20:14:36,719 - ib_insync.client - ERROR - Make sure API port on TWS/IBG is open
2025-07-20 20:14:36,719 - IBDataCollector - ERROR - Connection refused after 3 attempts.
2025-07-20 20:14:36,719 - IBDataCollector - ERROR - Make sure TWS/IB Gateway is running and listening on port 7496
2025-07-20 20:14:36,720 - IBDataCollector - ERROR - Check API settings in TWS/IB Gateway:
2025-07-20 20:14:36,720 - IBDataCollector - ERROR - 1. Enable 'Enable ActiveX and Socket Clients'
2025-07-20 20:14:36,720 - IBDataCollector - ERROR - 2. Set 'Socket port' to 7496
2025-07-20 20:14:36,721 - IBDataCollector - ERROR - 3. Check 'Allow connections from localhost only'
2025-07-20 20:14:36,722 - IBDataCollector - INFO - Attempting to connect to TWS (Attempt 1/3)...
2025-07-20 20:14:36,723 - ib_insync.client - INFO - Connecting to 127.0.0.1:4002 with clientId 1...
2025-07-20 20:14:38,766 - ib_insync.client - INFO - Disconnecting
2025-07-20 20:14:38,766 - ib_insync.client - ERROR - API connection failed: ConnectionRefusedError(22, 'The remote computer refused the network connection', None, 1225, None)
2025-07-20 20:14:38,767 - ib_insync.client - ERROR - Make sure API port on TWS/IBG is open
2025-07-20 20:14:38,767 - IBDataCollector - WARNING - Connection attempt 1 failed: [WinError 1225] The remote computer refused the network connection. Retrying in 5 seconds...
2025-07-20 20:14:43,769 - IBDataCollector - INFO - Attempting to connect to TWS (Attempt 2/3)...
2025-07-20 20:14:43,770 - ib_insync.client - INFO - Connecting to 127.0.0.1:4002 with clientId 1...
2025-07-20 20:14:45,811 - ib_insync.client - INFO - Disconnecting
2025-07-20 20:14:45,812 - ib_insync.client - ERROR - API connection failed: ConnectionRefusedError(22, 'The remote computer refused the network connection', None, 1225, None)
2025-07-20 20:14:45,813 - ib_insync.client - ERROR - Make sure API port on TWS/IBG is open
2025-07-20 20:14:45,813 - IBDataCollector - WARNING - Connection attempt 2 failed: [WinError 1225] The remote computer refused the network connection. Retrying in 5 seconds...
2025-07-20 20:14:50,815 - IBDataCollector - INFO - Attempting to connect to TWS (Attempt 3/3)...
2025-07-20 20:14:50,815 - ib_insync.client - INFO - Connecting to 127.0.0.1:4002 with clientId 1...
2025-07-20 20:14:52,858 - ib_insync.client - INFO - Disconnecting
2025-07-20 20:14:52,859 - ib_insync.client - ERROR - API connection failed: ConnectionRefusedError(22, 'The remote computer refused the network connection', None, 1225, None)
2025-07-20 20:14:52,859 - ib_insync.client - ERROR - Make sure API port on TWS/IBG is open
2025-07-20 20:14:52,860 - IBDataCollector - ERROR - Connection refused after 3 attempts.
2025-07-20 20:14:52,861 - IBDataCollector - ERROR - Make sure TWS/IB Gateway is running and listening on port 4002
2025-07-20 20:14:52,861 - IBDataCollector - ERROR - Check API settings in TWS/IB Gateway:
2025-07-20 20:14:52,861 - IBDataCollector - ERROR - 1. Enable 'Enable ActiveX and Socket Clients'
2025-07-20 20:14:52,862 - IBDataCollector - ERROR - 2. Set 'Socket port' to 4002
2025-07-20 20:14:52,862 - IBDataCollector - ERROR - 3. Check 'Allow connections from localhost only'
2025-07-20 20:14:52,864 - IBDataCollector - INFO - Attempting to connect to TWS (Attempt 1/3)...
2025-07-20 20:14:52,864 - ib_insync.client - INFO - Connecting to 127.0.0.1:4001 with clientId 1...
2025-07-20 20:14:54,892 - ib_insync.client - INFO - Disconnecting
2025-07-20 20:14:54,893 - ib_insync.client - ERROR - API connection failed: ConnectionRefusedError(22, 'The remote computer refused the network connection', None, 1225, None)
2025-07-20 20:14:54,893 - ib_insync.client - ERROR - Make sure API port on TWS/IBG is open
2025-07-20 20:14:54,894 - IBDataCollector - WARNING - Connection attempt 1 failed: [WinError 1225] The remote computer refused the network connection. Retrying in 5 seconds...
2025-07-20 20:14:59,895 - IBDataCollector - INFO - Attempting to connect to TWS (Attempt 2/3)...
2025-07-20 20:14:59,895 - ib_insync.client - INFO - Connecting to 127.0.0.1:4001 with clientId 1...
2025-07-20 20:15:01,922 - ib_insync.client - INFO - Disconnecting
2025-07-20 20:15:01,923 - ib_insync.client - ERROR - API connection failed: ConnectionRefusedError(22, 'The remote computer refused the network connection', None, 1225, None)
2025-07-20 20:15:01,923 - ib_insync.client - ERROR - Make sure API port on TWS/IBG is open
2025-07-20 20:15:01,924 - IBDataCollector - WARNING - Connection attempt 2 failed: [WinError 1225] The remote computer refused the network connection. Retrying in 5 seconds...
2025-07-20 20:15:06,925 - IBDataCollector - INFO - Attempting to connect to TWS (Attempt 3/3)...
2025-07-20 20:15:06,925 - ib_insync.client - INFO - Connecting to 127.0.0.1:4001 with clientId 1...
2025-07-20 20:15:08,967 - ib_insync.client - INFO - Disconnecting
2025-07-20 20:15:08,967 - ib_insync.client - ERROR - API connection failed: ConnectionRefusedError(22, 'The remote computer refused the network connection', None, 1225, None)
2025-07-20 20:15:08,968 - ib_insync.client - ERROR - Make sure API port on TWS/IBG is open
2025-07-20 20:15:08,969 - IBDataCollector - ERROR - Connection refused after 3 attempts.
2025-07-20 20:15:08,969 - IBDataCollector - ERROR - Make sure TWS/IB Gateway is running and listening on port 4001
2025-07-20 20:15:08,970 - IBDataCollector - ERROR - Check API settings in TWS/IB Gateway:
2025-07-20 20:15:08,970 - IBDataCollector - ERROR - 1. Enable 'Enable ActiveX and Socket Clients'
2025-07-20 20:15:08,970 - IBDataCollector - ERROR - 2. Set 'Socket port' to 4001
2025-07-20 20:15:08,970 - IBDataCollector - ERROR - 3. Check 'Allow connections from localhost only'
